<?xml version="1.0" encoding="UTF-8"?>
<testsuite name="org.myddd.security.account.infra.TestLoginRepository" tests="7" skipped="0" failures="0" errors="0" timestamp="2021-01-14T10:34:32" hostname="lingen_mac" time="0.417">
  <properties/>
  <testcase name="testFindByUsername()" classname="org.myddd.security.account.infra.TestLoginRepository" time="0.339"/>
  <testcase name="testCreateUser()" classname="org.myddd.security.account.infra.TestLoginRepository" time="0.005"/>
  <testcase name="testUserExits()" classname="org.myddd.security.account.infra.TestLoginRepository" time="0.014"/>
  <testcase name="testDeleteUser()" classname="org.myddd.security.account.infra.TestLoginRepository" time="0.026"/>
  <testcase name="testDisable()" classname="org.myddd.security.account.infra.TestLoginRepository" time="0.011"/>
  <testcase name="testEnable()" classname="org.myddd.security.account.infra.TestLoginRepository" time="0.007"/>
  <testcase name="testIsEmpty()" classname="org.myddd.security.account.infra.TestLoginRepository" time="0.008"/>
  <system-out><![CDATA[18:34:28.398 [Test worker] DEBUG org.springframework.test.context.BootstrapUtils - Instantiating CacheAwareContextLoaderDelegate from class [org.springframework.test.context.cache.DefaultCacheAwareContextLoaderDelegate]
18:34:28.416 [Test worker] DEBUG org.springframework.test.context.BootstrapUtils - Instantiating BootstrapContext using constructor [public org.springframework.test.context.support.DefaultBootstrapContext(java.lang.Class,org.springframework.test.context.CacheAwareContextLoaderDelegate)]
18:34:28.471 [Test worker] DEBUG org.springframework.test.context.BootstrapUtils - Instantiating TestContextBootstrapper for test class [org.myddd.security.account.infra.TestLoginRepository] from class [org.springframework.boot.test.context.SpringBootTestContextBootstrapper]
18:34:28.483 [Test worker] INFO org.springframework.boot.test.context.SpringBootTestContextBootstrapper - Neither @ContextConfiguration nor @ContextHierarchy found for test class [org.myddd.security.account.infra.TestLoginRepository], using SpringBootContextLoader
18:34:28.487 [Test worker] DEBUG org.springframework.test.context.support.AbstractContextLoader - Did not detect default resource location for test class [org.myddd.security.account.infra.TestLoginRepository]: class path resource [org/myddd/security/account/infra/TestLoginRepository-context.xml] does not exist
18:34:28.488 [Test worker] DEBUG org.springframework.test.context.support.AbstractContextLoader - Did not detect default resource location for test class [org.myddd.security.account.infra.TestLoginRepository]: class path resource [org/myddd/security/account/infra/TestLoginRepositoryContext.groovy] does not exist
18:34:28.488 [Test worker] INFO org.springframework.test.context.support.AbstractContextLoader - Could not detect default resource locations for test class [org.myddd.security.account.infra.TestLoginRepository]: no resource found for suffixes {-context.xml, Context.groovy}.
18:34:28.545 [Test worker] DEBUG org.springframework.test.context.support.ActiveProfilesUtils - Could not find an 'annotation declaring class' for annotation type [org.springframework.test.context.ActiveProfiles] and class [org.myddd.security.account.infra.TestLoginRepository]
18:34:28.747 [Test worker] DEBUG org.springframework.boot.test.context.SpringBootTestContextBootstrapper - @TestExecutionListeners is not present for class [org.myddd.security.account.infra.TestLoginRepository]: using defaults.
18:34:28.747 [Test worker] INFO org.springframework.boot.test.context.SpringBootTestContextBootstrapper - Loaded default TestExecutionListener class names from location [META-INF/spring.factories]: [org.springframework.boot.test.autoconfigure.restdocs.RestDocsTestExecutionListener, org.springframework.boot.test.autoconfigure.web.client.MockRestServiceServerResetTestExecutionListener, org.springframework.boot.test.autoconfigure.web.servlet.MockMvcPrintOnlyOnFailureTestExecutionListener, org.springframework.boot.test.autoconfigure.web.servlet.WebDriverTestExecutionListener, org.springframework.boot.test.autoconfigure.webservices.client.MockWebServiceServerTestExecutionListener, org.springframework.boot.test.mock.mockito.MockitoTestExecutionListener, org.springframework.boot.test.mock.mockito.ResetMocksTestExecutionListener, org.springframework.test.context.web.ServletTestExecutionListener, org.springframework.test.context.support.DirtiesContextBeforeModesTestExecutionListener, org.springframework.test.context.support.DependencyInjectionTestExecutionListener, org.springframework.test.context.support.DirtiesContextTestExecutionListener, org.springframework.test.context.transaction.TransactionalTestExecutionListener, org.springframework.test.context.jdbc.SqlScriptsTestExecutionListener, org.springframework.test.context.event.EventPublishingTestExecutionListener]
18:34:28.767 [Test worker] INFO org.springframework.boot.test.context.SpringBootTestContextBootstrapper - Using TestExecutionListeners: [org.springframework.test.context.web.ServletTestExecutionListener@3868277b, org.springframework.test.context.support.DirtiesContextBeforeModesTestExecutionListener@195a3c6e, org.springframework.boot.test.mock.mockito.MockitoTestExecutionListener@1214929a, org.springframework.boot.test.autoconfigure.SpringBootDependencyInjectionTestExecutionListener@345d4520, org.springframework.test.context.support.DirtiesContextTestExecutionListener@4df7ff2f, org.springframework.test.context.transaction.TransactionalTestExecutionListener@58603b3, org.springframework.test.context.jdbc.SqlScriptsTestExecutionListener@3330d1db, org.springframework.test.context.event.EventPublishingTestExecutionListener@6d1af6d8, org.springframework.boot.test.autoconfigure.restdocs.RestDocsTestExecutionListener@1fe662d3, org.springframework.boot.test.autoconfigure.web.client.MockRestServiceServerResetTestExecutionListener@2ac86107, org.springframework.boot.test.autoconfigure.web.servlet.MockMvcPrintOnlyOnFailureTestExecutionListener@1f43c38c, org.springframework.boot.test.autoconfigure.web.servlet.WebDriverTestExecutionListener@25d54a8a, org.springframework.boot.test.autoconfigure.webservices.client.MockWebServiceServerTestExecutionListener@9095419, org.springframework.boot.test.mock.mockito.ResetMocksTestExecutionListener@6020dc66]
18:34:28.770 [Test worker] DEBUG org.springframework.test.context.support.AbstractDirtiesContextTestExecutionListener - Before test class: context [DefaultTestContext@21e15f73 testClass = TestLoginRepository, testInstance = [null], testMethod = [null], testException = [null], mergedContextConfiguration = [WebMergedContextConfiguration@209203f testClass = TestLoginRepository, locations = '{}', classes = '{class org.myddd.security.account.TestApplication, class org.myddd.security.account.TestApplication}', contextInitializerClasses = '[]', activeProfiles = '{}', propertySourceLocations = '{}', propertySourceProperties = '{org.springframework.boot.test.context.SpringBootTestContextBootstrapper=true}', contextCustomizers = set[org.springframework.boot.test.autoconfigure.actuate.metrics.MetricsExportContextCustomizerFactory$DisableMetricExportContextCustomizer@20f7647f, org.springframework.boot.test.autoconfigure.properties.PropertyMappingContextCustomizer@0, org.springframework.boot.test.autoconfigure.web.servlet.WebDriverContextCustomizerFactory$Customizer@4272391a, org.springframework.boot.test.context.filter.ExcludeFilterContextCustomizer@d48a055, org.springframework.boot.test.json.DuplicateJsonObjectContextCustomizerFactory$DuplicateJsonObjectContextCustomizer@67520370, org.springframework.boot.test.mock.mockito.MockitoContextCustomizer@0, org.springframework.boot.test.web.client.TestRestTemplateContextCustomizer@8b0c1be, org.springframework.boot.test.context.SpringBootTestArgs@1, org.springframework.boot.test.context.SpringBootTestWebEnvironment@241b4dd1], resourceBasePath = 'src/main/webapp', contextLoader = 'org.springframework.boot.test.context.SpringBootContextLoader', parent = [null]], attributes = map['org.springframework.test.context.web.ServletTestExecutionListener.activateListener' -> true]], class annotated with @DirtiesContext [false] with mode [null].
18:34:28.809 [Test worker] DEBUG org.springframework.test.context.support.TestPropertySourceUtils - Adding inlined properties to environment: {spring.jmx.enabled=false, org.springframework.boot.test.context.SpringBootTestContextBootstrapper=true}

  .   ____          _            __ _ _
 /\\ / ___'_ __ _ _(_)_ __  __ _ \ \ \ \
( ( )\___ | '_ | '_| | '_ \/ _` | \ \ \ \
 \\/  ___)| |_)| | | | | || (_| |  ) ) ) )
  '  |____| .__|_| |_|_| |_\__, | / / / /
 =========|_|==============|___/=/_/_/_/
 :: Spring Boot ::                (v2.4.1)

2021-01-14 18:34:29.081  INFO 23235 --- [    Test worker] o.m.s.account.infra.TestLoginRepository  : Starting TestLoginRepository using Java 11.0.7 on lingen_mac with PID 23235 (started by lingen in /Users/lingen/Downloads/myddd-backend/myddd-extentions/myddd-security/myddd-security-login)
2021-01-14 18:34:29.085  INFO 23235 --- [    Test worker] o.m.s.account.infra.TestLoginRepository  : No active profile set, falling back to default profiles: default
2021-01-14 18:34:29.879  INFO 23235 --- [    Test worker] .s.d.r.c.RepositoryConfigurationDelegate : Bootstrapping Spring Data JPA repositories in DEFAULT mode.
2021-01-14 18:34:29.896  INFO 23235 --- [    Test worker] .s.d.r.c.RepositoryConfigurationDelegate : Finished Spring Data repository scanning in 9 ms. Found 0 JPA repository interfaces.
2021-01-14 18:34:30.332  INFO 23235 --- [    Test worker] com.zaxxer.hikari.HikariDataSource       : HikariPool-1 - Starting...
2021-01-14 18:34:30.476  INFO 23235 --- [    Test worker] com.zaxxer.hikari.HikariDataSource       : HikariPool-1 - Start completed.
2021-01-14 18:34:30.555  INFO 23235 --- [    Test worker] o.hibernate.jpa.internal.util.LogHelper  : HHH000204: Processing PersistenceUnitInfo [name: default]
2021-01-14 18:34:30.596  INFO 23235 --- [    Test worker] org.hibernate.Version                    : HHH000412: Hibernate ORM core version 5.4.25.Final
2021-01-14 18:34:30.723  INFO 23235 --- [    Test worker] o.hibernate.annotations.common.Version   : HCANN000001: Hibernate Commons Annotations {5.1.2.Final}
2021-01-14 18:34:30.831  INFO 23235 --- [    Test worker] org.hibernate.dialect.Dialect            : HHH000400: Using dialect: org.hibernate.dialect.H2Dialect
2021-01-14 18:34:31.410  INFO 23235 --- [    Test worker] o.h.e.t.j.p.i.JtaPlatformInitiator       : HHH000490: Using JtaPlatform implementation: [org.hibernate.engine.transaction.jta.platform.internal.NoJtaPlatform]
2021-01-14 18:34:31.417  INFO 23235 --- [    Test worker] j.LocalContainerEntityManagerFactoryBean : Initialized JPA EntityManagerFactory for persistence unit 'default'
2021-01-14 18:34:31.659  WARN 23235 --- [    Test worker] JpaBaseConfiguration$JpaWebConfiguration : spring.jpa.open-in-view is enabled by default. Therefore, database queries may be performed during view rendering. Explicitly configure spring.jpa.open-in-view to disable this warning
2021-01-14 18:34:31.841  INFO 23235 --- [    Test worker] o.s.s.concurrent.ThreadPoolTaskExecutor  : Initializing ExecutorService 'applicationTaskExecutor'
2021-01-14 18:34:32.171  INFO 23235 --- [    Test worker] o.m.s.account.infra.TestLoginRepository  : Started TestLoginRepository in 3.353 seconds (JVM running for 4.761)
2021-01-14 18:34:32.247  INFO 23235 --- [    Test worker] o.s.t.c.transaction.TransactionContext   : Began transaction (1) for test context [DefaultTestContext@21e15f73 testClass = TestLoginRepository, testInstance = org.myddd.security.account.infra.TestLoginRepository@6245592d, testMethod = testFindByUsername@TestLoginRepository, testException = [null], mergedContextConfiguration = [WebMergedContextConfiguration@209203f testClass = TestLoginRepository, locations = '{}', classes = '{class org.myddd.security.account.TestApplication, class org.myddd.security.account.TestApplication}', contextInitializerClasses = '[]', activeProfiles = '{}', propertySourceLocations = '{}', propertySourceProperties = '{org.springframework.boot.test.context.SpringBootTestContextBootstrapper=true}', contextCustomizers = set[org.springframework.boot.test.autoconfigure.actuate.metrics.MetricsExportContextCustomizerFactory$DisableMetricExportContextCustomizer@20f7647f, org.springframework.boot.test.autoconfigure.properties.PropertyMappingContextCustomizer@0, org.springframework.boot.test.autoconfigure.web.servlet.WebDriverContextCustomizerFactory$Customizer@4272391a, org.springframework.boot.test.context.filter.ExcludeFilterContextCustomizer@d48a055, org.springframework.boot.test.json.DuplicateJsonObjectContextCustomizerFactory$DuplicateJsonObjectContextCustomizer@67520370, org.springframework.boot.test.mock.mockito.MockitoContextCustomizer@0, org.springframework.boot.test.web.client.TestRestTemplateContextCustomizer@8b0c1be, org.springframework.boot.test.context.SpringBootTestArgs@1, org.springframework.boot.test.context.SpringBootTestWebEnvironment@241b4dd1], resourceBasePath = 'src/main/webapp', contextLoader = 'org.springframework.boot.test.context.SpringBootContextLoader', parent = [null]], attributes = map['org.springframework.test.context.web.ServletTestExecutionListener.activateListener' -> true, 'org.springframework.test.context.web.ServletTestExecutionListener.populatedRequestContextHolder' -> true, 'org.springframework.test.context.web.ServletTestExecutionListener.resetRequestContextHolder' -> true]]; transaction manager [org.springframework.orm.jpa.JpaTransactionManager@36c88670]; rollback [true]
2021-01-14 18:34:32.394  INFO 23235 --- [    Test worker] o.m.persistence.jpa.EntityRepositoryJpa  : create a entity: class org.myddd.security.account.domain.LoginEntity/1.
2021-01-14 18:34:32.524  INFO 23235 --- [    Test worker] o.s.t.c.transaction.TransactionContext   : Rolled back transaction for test: [DefaultTestContext@21e15f73 testClass = TestLoginRepository, testInstance = org.myddd.security.account.infra.TestLoginRepository@6245592d, testMethod = testFindByUsername@TestLoginRepository, testException = [null], mergedContextConfiguration = [WebMergedContextConfiguration@209203f testClass = TestLoginRepository, locations = '{}', classes = '{class org.myddd.security.account.TestApplication, class org.myddd.security.account.TestApplication}', contextInitializerClasses = '[]', activeProfiles = '{}', propertySourceLocations = '{}', propertySourceProperties = '{org.springframework.boot.test.context.SpringBootTestContextBootstrapper=true}', contextCustomizers = set[org.springframework.boot.test.autoconfigure.actuate.metrics.MetricsExportContextCustomizerFactory$DisableMetricExportContextCustomizer@20f7647f, org.springframework.boot.test.autoconfigure.properties.PropertyMappingContextCustomizer@0, org.springframework.boot.test.autoconfigure.web.servlet.WebDriverContextCustomizerFactory$Customizer@4272391a, org.springframework.boot.test.context.filter.ExcludeFilterContextCustomizer@d48a055, org.springframework.boot.test.json.DuplicateJsonObjectContextCustomizerFactory$DuplicateJsonObjectContextCustomizer@67520370, org.springframework.boot.test.mock.mockito.MockitoContextCustomizer@0, org.springframework.boot.test.web.client.TestRestTemplateContextCustomizer@8b0c1be, org.springframework.boot.test.context.SpringBootTestArgs@1, org.springframework.boot.test.context.SpringBootTestWebEnvironment@241b4dd1], resourceBasePath = 'src/main/webapp', contextLoader = 'org.springframework.boot.test.context.SpringBootContextLoader', parent = [null]], attributes = map['org.springframework.test.context.web.ServletTestExecutionListener.activateListener' -> true, 'org.springframework.test.context.web.ServletTestExecutionListener.populatedRequestContextHolder' -> true, 'org.springframework.test.context.web.ServletTestExecutionListener.resetRequestContextHolder' -> true]]
2021-01-14 18:34:32.530  INFO 23235 --- [    Test worker] o.s.t.c.transaction.TransactionContext   : Began transaction (1) for test context [DefaultTestContext@21e15f73 testClass = TestLoginRepository, testInstance = org.myddd.security.account.infra.TestLoginRepository@1a5bc5d5, testMethod = testCreateUser@TestLoginRepository, testException = [null], mergedContextConfiguration = [WebMergedContextConfiguration@209203f testClass = TestLoginRepository, locations = '{}', classes = '{class org.myddd.security.account.TestApplication, class org.myddd.security.account.TestApplication}', contextInitializerClasses = '[]', activeProfiles = '{}', propertySourceLocations = '{}', propertySourceProperties = '{org.springframework.boot.test.context.SpringBootTestContextBootstrapper=true}', contextCustomizers = set[org.springframework.boot.test.autoconfigure.actuate.metrics.MetricsExportContextCustomizerFactory$DisableMetricExportContextCustomizer@20f7647f, org.springframework.boot.test.autoconfigure.properties.PropertyMappingContextCustomizer@0, org.springframework.boot.test.autoconfigure.web.servlet.WebDriverContextCustomizerFactory$Customizer@4272391a, org.springframework.boot.test.context.filter.ExcludeFilterContextCustomizer@d48a055, org.springframework.boot.test.json.DuplicateJsonObjectContextCustomizerFactory$DuplicateJsonObjectContextCustomizer@67520370, org.springframework.boot.test.mock.mockito.MockitoContextCustomizer@0, org.springframework.boot.test.web.client.TestRestTemplateContextCustomizer@8b0c1be, org.springframework.boot.test.context.SpringBootTestArgs@1, org.springframework.boot.test.context.SpringBootTestWebEnvironment@241b4dd1], resourceBasePath = 'src/main/webapp', contextLoader = 'org.springframework.boot.test.context.SpringBootContextLoader', parent = [null]], attributes = map['org.springframework.test.context.web.ServletTestExecutionListener.activateListener' -> true, 'org.springframework.test.context.web.ServletTestExecutionListener.populatedRequestContextHolder' -> true, 'org.springframework.test.context.web.ServletTestExecutionListener.resetRequestContextHolder' -> true]]; transaction manager [org.springframework.orm.jpa.JpaTransactionManager@36c88670]; rollback [true]
2021-01-14 18:34:32.532  INFO 23235 --- [    Test worker] o.m.persistence.jpa.EntityRepositoryJpa  : create a entity: class org.myddd.security.account.domain.LoginEntity/2.
2021-01-14 18:34:32.534  INFO 23235 --- [    Test worker] o.s.t.c.transaction.TransactionContext   : Rolled back transaction for test: [DefaultTestContext@21e15f73 testClass = TestLoginRepository, testInstance = org.myddd.security.account.infra.TestLoginRepository@1a5bc5d5, testMethod = testCreateUser@TestLoginRepository, testException = [null], mergedContextConfiguration = [WebMergedContextConfiguration@209203f testClass = TestLoginRepository, locations = '{}', classes = '{class org.myddd.security.account.TestApplication, class org.myddd.security.account.TestApplication}', contextInitializerClasses = '[]', activeProfiles = '{}', propertySourceLocations = '{}', propertySourceProperties = '{org.springframework.boot.test.context.SpringBootTestContextBootstrapper=true}', contextCustomizers = set[org.springframework.boot.test.autoconfigure.actuate.metrics.MetricsExportContextCustomizerFactory$DisableMetricExportContextCustomizer@20f7647f, org.springframework.boot.test.autoconfigure.properties.PropertyMappingContextCustomizer@0, org.springframework.boot.test.autoconfigure.web.servlet.WebDriverContextCustomizerFactory$Customizer@4272391a, org.springframework.boot.test.context.filter.ExcludeFilterContextCustomizer@d48a055, org.springframework.boot.test.json.DuplicateJsonObjectContextCustomizerFactory$DuplicateJsonObjectContextCustomizer@67520370, org.springframework.boot.test.mock.mockito.MockitoContextCustomizer@0, org.springframework.boot.test.web.client.TestRestTemplateContextCustomizer@8b0c1be, org.springframework.boot.test.context.SpringBootTestArgs@1, org.springframework.boot.test.context.SpringBootTestWebEnvironment@241b4dd1], resourceBasePath = 'src/main/webapp', contextLoader = 'org.springframework.boot.test.context.SpringBootContextLoader', parent = [null]], attributes = map['org.springframework.test.context.web.ServletTestExecutionListener.activateListener' -> true, 'org.springframework.test.context.web.ServletTestExecutionListener.populatedRequestContextHolder' -> true, 'org.springframework.test.context.web.ServletTestExecutionListener.resetRequestContextHolder' -> true]]
2021-01-14 18:34:32.537  INFO 23235 --- [    Test worker] o.s.t.c.transaction.TransactionContext   : Began transaction (1) for test context [DefaultTestContext@21e15f73 testClass = TestLoginRepository, testInstance = org.myddd.security.account.infra.TestLoginRepository@1c95ca25, testMethod = testUserExits@TestLoginRepository, testException = [null], mergedContextConfiguration = [WebMergedContextConfiguration@209203f testClass = TestLoginRepository, locations = '{}', classes = '{class org.myddd.security.account.TestApplication, class org.myddd.security.account.TestApplication}', contextInitializerClasses = '[]', activeProfiles = '{}', propertySourceLocations = '{}', propertySourceProperties = '{org.springframework.boot.test.context.SpringBootTestContextBootstrapper=true}', contextCustomizers = set[org.springframework.boot.test.autoconfigure.actuate.metrics.MetricsExportContextCustomizerFactory$DisableMetricExportContextCustomizer@20f7647f, org.springframework.boot.test.autoconfigure.properties.PropertyMappingContextCustomizer@0, org.springframework.boot.test.autoconfigure.web.servlet.WebDriverContextCustomizerFactory$Customizer@4272391a, org.springframework.boot.test.context.filter.ExcludeFilterContextCustomizer@d48a055, org.springframework.boot.test.json.DuplicateJsonObjectContextCustomizerFactory$DuplicateJsonObjectContextCustomizer@67520370, org.springframework.boot.test.mock.mockito.MockitoContextCustomizer@0, org.springframework.boot.test.web.client.TestRestTemplateContextCustomizer@8b0c1be, org.springframework.boot.test.context.SpringBootTestArgs@1, org.springframework.boot.test.context.SpringBootTestWebEnvironment@241b4dd1], resourceBasePath = 'src/main/webapp', contextLoader = 'org.springframework.boot.test.context.SpringBootContextLoader', parent = [null]], attributes = map['org.springframework.test.context.web.ServletTestExecutionListener.activateListener' -> true, 'org.springframework.test.context.web.ServletTestExecutionListener.populatedRequestContextHolder' -> true, 'org.springframework.test.context.web.ServletTestExecutionListener.resetRequestContextHolder' -> true]]; transaction manager [org.springframework.orm.jpa.JpaTransactionManager@36c88670]; rollback [true]
2021-01-14 18:34:32.546  INFO 23235 --- [    Test worker] o.m.persistence.jpa.EntityRepositoryJpa  : create a entity: class org.myddd.security.account.domain.LoginEntity/3.
2021-01-14 18:34:32.549  INFO 23235 --- [    Test worker] o.s.t.c.transaction.TransactionContext   : Rolled back transaction for test: [DefaultTestContext@21e15f73 testClass = TestLoginRepository, testInstance = org.myddd.security.account.infra.TestLoginRepository@1c95ca25, testMethod = testUserExits@TestLoginRepository, testException = [null], mergedContextConfiguration = [WebMergedContextConfiguration@209203f testClass = TestLoginRepository, locations = '{}', classes = '{class org.myddd.security.account.TestApplication, class org.myddd.security.account.TestApplication}', contextInitializerClasses = '[]', activeProfiles = '{}', propertySourceLocations = '{}', propertySourceProperties = '{org.springframework.boot.test.context.SpringBootTestContextBootstrapper=true}', contextCustomizers = set[org.springframework.boot.test.autoconfigure.actuate.metrics.MetricsExportContextCustomizerFactory$DisableMetricExportContextCustomizer@20f7647f, org.springframework.boot.test.autoconfigure.properties.PropertyMappingContextCustomizer@0, org.springframework.boot.test.autoconfigure.web.servlet.WebDriverContextCustomizerFactory$Customizer@4272391a, org.springframework.boot.test.context.filter.ExcludeFilterContextCustomizer@d48a055, org.springframework.boot.test.json.DuplicateJsonObjectContextCustomizerFactory$DuplicateJsonObjectContextCustomizer@67520370, org.springframework.boot.test.mock.mockito.MockitoContextCustomizer@0, org.springframework.boot.test.web.client.TestRestTemplateContextCustomizer@8b0c1be, org.springframework.boot.test.context.SpringBootTestArgs@1, org.springframework.boot.test.context.SpringBootTestWebEnvironment@241b4dd1], resourceBasePath = 'src/main/webapp', contextLoader = 'org.springframework.boot.test.context.SpringBootContextLoader', parent = [null]], attributes = map['org.springframework.test.context.web.ServletTestExecutionListener.activateListener' -> true, 'org.springframework.test.context.web.ServletTestExecutionListener.populatedRequestContextHolder' -> true, 'org.springframework.test.context.web.ServletTestExecutionListener.resetRequestContextHolder' -> true]]
2021-01-14 18:34:32.552  INFO 23235 --- [    Test worker] o.s.t.c.transaction.TransactionContext   : Began transaction (1) for test context [DefaultTestContext@21e15f73 testClass = TestLoginRepository, testInstance = org.myddd.security.account.infra.TestLoginRepository@1f5253d7, testMethod = testDeleteUser@TestLoginRepository, testException = [null], mergedContextConfiguration = [WebMergedContextConfiguration@209203f testClass = TestLoginRepository, locations = '{}', classes = '{class org.myddd.security.account.TestApplication, class org.myddd.security.account.TestApplication}', contextInitializerClasses = '[]', activeProfiles = '{}', propertySourceLocations = '{}', propertySourceProperties = '{org.springframework.boot.test.context.SpringBootTestContextBootstrapper=true}', contextCustomizers = set[org.springframework.boot.test.autoconfigure.actuate.metrics.MetricsExportContextCustomizerFactory$DisableMetricExportContextCustomizer@20f7647f, org.springframework.boot.test.autoconfigure.properties.PropertyMappingContextCustomizer@0, org.springframework.boot.test.autoconfigure.web.servlet.WebDriverContextCustomizerFactory$Customizer@4272391a, org.springframework.boot.test.context.filter.ExcludeFilterContextCustomizer@d48a055, org.springframework.boot.test.json.DuplicateJsonObjectContextCustomizerFactory$DuplicateJsonObjectContextCustomizer@67520370, org.springframework.boot.test.mock.mockito.MockitoContextCustomizer@0, org.springframework.boot.test.web.client.TestRestTemplateContextCustomizer@8b0c1be, org.springframework.boot.test.context.SpringBootTestArgs@1, org.springframework.boot.test.context.SpringBootTestWebEnvironment@241b4dd1], resourceBasePath = 'src/main/webapp', contextLoader = 'org.springframework.boot.test.context.SpringBootContextLoader', parent = [null]], attributes = map['org.springframework.test.context.web.ServletTestExecutionListener.activateListener' -> true, 'org.springframework.test.context.web.ServletTestExecutionListener.populatedRequestContextHolder' -> true, 'org.springframework.test.context.web.ServletTestExecutionListener.resetRequestContextHolder' -> true]]; transaction manager [org.springframework.orm.jpa.JpaTransactionManager@36c88670]; rollback [true]
2021-01-14 18:34:32.554  INFO 23235 --- [    Test worker] o.m.persistence.jpa.EntityRepositoryJpa  : create a entity: class org.myddd.security.account.domain.LoginEntity/4.
2021-01-14 18:34:32.564  INFO 23235 --- [    Test worker] o.m.persistence.jpa.EntityRepositoryJpa  : remove a entity: class org.myddd.security.account.domain.LoginEntity/4.
2021-01-14 18:34:32.566  INFO 23235 --- [    Test worker] o.m.persistence.jpa.EntityRepositoryJpa  : create a entity: class org.myddd.security.account.domain.LoginEntity/5.
2021-01-14 18:34:32.576  INFO 23235 --- [    Test worker] o.s.t.c.transaction.TransactionContext   : Rolled back transaction for test: [DefaultTestContext@21e15f73 testClass = TestLoginRepository, testInstance = org.myddd.security.account.infra.TestLoginRepository@1f5253d7, testMethod = testDeleteUser@TestLoginRepository, testException = [null], mergedContextConfiguration = [WebMergedContextConfiguration@209203f testClass = TestLoginRepository, locations = '{}', classes = '{class org.myddd.security.account.TestApplication, class org.myddd.security.account.TestApplication}', contextInitializerClasses = '[]', activeProfiles = '{}', propertySourceLocations = '{}', propertySourceProperties = '{org.springframework.boot.test.context.SpringBootTestContextBootstrapper=true}', contextCustomizers = set[org.springframework.boot.test.autoconfigure.actuate.metrics.MetricsExportContextCustomizerFactory$DisableMetricExportContextCustomizer@20f7647f, org.springframework.boot.test.autoconfigure.properties.PropertyMappingContextCustomizer@0, org.springframework.boot.test.autoconfigure.web.servlet.WebDriverContextCustomizerFactory$Customizer@4272391a, org.springframework.boot.test.context.filter.ExcludeFilterContextCustomizer@d48a055, org.springframework.boot.test.json.DuplicateJsonObjectContextCustomizerFactory$DuplicateJsonObjectContextCustomizer@67520370, org.springframework.boot.test.mock.mockito.MockitoContextCustomizer@0, org.springframework.boot.test.web.client.TestRestTemplateContextCustomizer@8b0c1be, org.springframework.boot.test.context.SpringBootTestArgs@1, org.springframework.boot.test.context.SpringBootTestWebEnvironment@241b4dd1], resourceBasePath = 'src/main/webapp', contextLoader = 'org.springframework.boot.test.context.SpringBootContextLoader', parent = [null]], attributes = map['org.springframework.test.context.web.ServletTestExecutionListener.activateListener' -> true, 'org.springframework.test.context.web.ServletTestExecutionListener.populatedRequestContextHolder' -> true, 'org.springframework.test.context.web.ServletTestExecutionListener.resetRequestContextHolder' -> true]]
2021-01-14 18:34:32.579  INFO 23235 --- [    Test worker] o.s.t.c.transaction.TransactionContext   : Began transaction (1) for test context [DefaultTestContext@21e15f73 testClass = TestLoginRepository, testInstance = org.myddd.security.account.infra.TestLoginRepository@363aff5, testMethod = testDisable@TestLoginRepository, testException = [null], mergedContextConfiguration = [WebMergedContextConfiguration@209203f testClass = TestLoginRepository, locations = '{}', classes = '{class org.myddd.security.account.TestApplication, class org.myddd.security.account.TestApplication}', contextInitializerClasses = '[]', activeProfiles = '{}', propertySourceLocations = '{}', propertySourceProperties = '{org.springframework.boot.test.context.SpringBootTestContextBootstrapper=true}', contextCustomizers = set[org.springframework.boot.test.autoconfigure.actuate.metrics.MetricsExportContextCustomizerFactory$DisableMetricExportContextCustomizer@20f7647f, org.springframework.boot.test.autoconfigure.properties.PropertyMappingContextCustomizer@0, org.springframework.boot.test.autoconfigure.web.servlet.WebDriverContextCustomizerFactory$Customizer@4272391a, org.springframework.boot.test.context.filter.ExcludeFilterContextCustomizer@d48a055, org.springframework.boot.test.json.DuplicateJsonObjectContextCustomizerFactory$DuplicateJsonObjectContextCustomizer@67520370, org.springframework.boot.test.mock.mockito.MockitoContextCustomizer@0, org.springframework.boot.test.web.client.TestRestTemplateContextCustomizer@8b0c1be, org.springframework.boot.test.context.SpringBootTestArgs@1, org.springframework.boot.test.context.SpringBootTestWebEnvironment@241b4dd1], resourceBasePath = 'src/main/webapp', contextLoader = 'org.springframework.boot.test.context.SpringBootContextLoader', parent = [null]], attributes = map['org.springframework.test.context.web.ServletTestExecutionListener.activateListener' -> true, 'org.springframework.test.context.web.ServletTestExecutionListener.populatedRequestContextHolder' -> true, 'org.springframework.test.context.web.ServletTestExecutionListener.resetRequestContextHolder' -> true]]; transaction manager [org.springframework.orm.jpa.JpaTransactionManager@36c88670]; rollback [true]
2021-01-14 18:34:32.581  INFO 23235 --- [    Test worker] o.m.persistence.jpa.EntityRepositoryJpa  : create a entity: class org.myddd.security.account.domain.LoginEntity/6.
2021-01-14 18:34:32.585  INFO 23235 --- [    Test worker] o.m.persistence.jpa.EntityRepositoryJpa  : update a entity: class org.myddd.security.account.domain.LoginEntity/6.
2021-01-14 18:34:32.587  INFO 23235 --- [    Test worker] o.s.t.c.transaction.TransactionContext   : Rolled back transaction for test: [DefaultTestContext@21e15f73 testClass = TestLoginRepository, testInstance = org.myddd.security.account.infra.TestLoginRepository@363aff5, testMethod = testDisable@TestLoginRepository, testException = [null], mergedContextConfiguration = [WebMergedContextConfiguration@209203f testClass = TestLoginRepository, locations = '{}', classes = '{class org.myddd.security.account.TestApplication, class org.myddd.security.account.TestApplication}', contextInitializerClasses = '[]', activeProfiles = '{}', propertySourceLocations = '{}', propertySourceProperties = '{org.springframework.boot.test.context.SpringBootTestContextBootstrapper=true}', contextCustomizers = set[org.springframework.boot.test.autoconfigure.actuate.metrics.MetricsExportContextCustomizerFactory$DisableMetricExportContextCustomizer@20f7647f, org.springframework.boot.test.autoconfigure.properties.PropertyMappingContextCustomizer@0, org.springframework.boot.test.autoconfigure.web.servlet.WebDriverContextCustomizerFactory$Customizer@4272391a, org.springframework.boot.test.context.filter.ExcludeFilterContextCustomizer@d48a055, org.springframework.boot.test.json.DuplicateJsonObjectContextCustomizerFactory$DuplicateJsonObjectContextCustomizer@67520370, org.springframework.boot.test.mock.mockito.MockitoContextCustomizer@0, org.springframework.boot.test.web.client.TestRestTemplateContextCustomizer@8b0c1be, org.springframework.boot.test.context.SpringBootTestArgs@1, org.springframework.boot.test.context.SpringBootTestWebEnvironment@241b4dd1], resourceBasePath = 'src/main/webapp', contextLoader = 'org.springframework.boot.test.context.SpringBootContextLoader', parent = [null]], attributes = map['org.springframework.test.context.web.ServletTestExecutionListener.activateListener' -> true, 'org.springframework.test.context.web.ServletTestExecutionListener.populatedRequestContextHolder' -> true, 'org.springframework.test.context.web.ServletTestExecutionListener.resetRequestContextHolder' -> true]]
2021-01-14 18:34:32.591  INFO 23235 --- [    Test worker] o.s.t.c.transaction.TransactionContext   : Began transaction (1) for test context [DefaultTestContext@21e15f73 testClass = TestLoginRepository, testInstance = org.myddd.security.account.infra.TestLoginRepository@5dfbc7fc, testMethod = testEnable@TestLoginRepository, testException = [null], mergedContextConfiguration = [WebMergedContextConfiguration@209203f testClass = TestLoginRepository, locations = '{}', classes = '{class org.myddd.security.account.TestApplication, class org.myddd.security.account.TestApplication}', contextInitializerClasses = '[]', activeProfiles = '{}', propertySourceLocations = '{}', propertySourceProperties = '{org.springframework.boot.test.context.SpringBootTestContextBootstrapper=true}', contextCustomizers = set[org.springframework.boot.test.autoconfigure.actuate.metrics.MetricsExportContextCustomizerFactory$DisableMetricExportContextCustomizer@20f7647f, org.springframework.boot.test.autoconfigure.properties.PropertyMappingContextCustomizer@0, org.springframework.boot.test.autoconfigure.web.servlet.WebDriverContextCustomizerFactory$Customizer@4272391a, org.springframework.boot.test.context.filter.ExcludeFilterContextCustomizer@d48a055, org.springframework.boot.test.json.DuplicateJsonObjectContextCustomizerFactory$DuplicateJsonObjectContextCustomizer@67520370, org.springframework.boot.test.mock.mockito.MockitoContextCustomizer@0, org.springframework.boot.test.web.client.TestRestTemplateContextCustomizer@8b0c1be, org.springframework.boot.test.context.SpringBootTestArgs@1, org.springframework.boot.test.context.SpringBootTestWebEnvironment@241b4dd1], resourceBasePath = 'src/main/webapp', contextLoader = 'org.springframework.boot.test.context.SpringBootContextLoader', parent = [null]], attributes = map['org.springframework.test.context.web.ServletTestExecutionListener.activateListener' -> true, 'org.springframework.test.context.web.ServletTestExecutionListener.populatedRequestContextHolder' -> true, 'org.springframework.test.context.web.ServletTestExecutionListener.resetRequestContextHolder' -> true]]; transaction manager [org.springframework.orm.jpa.JpaTransactionManager@36c88670]; rollback [true]
2021-01-14 18:34:32.594  INFO 23235 --- [    Test worker] o.m.persistence.jpa.EntityRepositoryJpa  : create a entity: class org.myddd.security.account.domain.LoginEntity/7.
2021-01-14 18:34:32.594  INFO 23235 --- [    Test worker] o.m.persistence.jpa.EntityRepositoryJpa  : update a entity: class org.myddd.security.account.domain.LoginEntity/7.
2021-01-14 18:34:32.596  INFO 23235 --- [    Test worker] o.s.t.c.transaction.TransactionContext   : Rolled back transaction for test: [DefaultTestContext@21e15f73 testClass = TestLoginRepository, testInstance = org.myddd.security.account.infra.TestLoginRepository@5dfbc7fc, testMethod = testEnable@TestLoginRepository, testException = [null], mergedContextConfiguration = [WebMergedContextConfiguration@209203f testClass = TestLoginRepository, locations = '{}', classes = '{class org.myddd.security.account.TestApplication, class org.myddd.security.account.TestApplication}', contextInitializerClasses = '[]', activeProfiles = '{}', propertySourceLocations = '{}', propertySourceProperties = '{org.springframework.boot.test.context.SpringBootTestContextBootstrapper=true}', contextCustomizers = set[org.springframework.boot.test.autoconfigure.actuate.metrics.MetricsExportContextCustomizerFactory$DisableMetricExportContextCustomizer@20f7647f, org.springframework.boot.test.autoconfigure.properties.PropertyMappingContextCustomizer@0, org.springframework.boot.test.autoconfigure.web.servlet.WebDriverContextCustomizerFactory$Customizer@4272391a, org.springframework.boot.test.context.filter.ExcludeFilterContextCustomizer@d48a055, org.springframework.boot.test.json.DuplicateJsonObjectContextCustomizerFactory$DuplicateJsonObjectContextCustomizer@67520370, org.springframework.boot.test.mock.mockito.MockitoContextCustomizer@0, org.springframework.boot.test.web.client.TestRestTemplateContextCustomizer@8b0c1be, org.springframework.boot.test.context.SpringBootTestArgs@1, org.springframework.boot.test.context.SpringBootTestWebEnvironment@241b4dd1], resourceBasePath = 'src/main/webapp', contextLoader = 'org.springframework.boot.test.context.SpringBootContextLoader', parent = [null]], attributes = map['org.springframework.test.context.web.ServletTestExecutionListener.activateListener' -> true, 'org.springframework.test.context.web.ServletTestExecutionListener.populatedRequestContextHolder' -> true, 'org.springframework.test.context.web.ServletTestExecutionListener.resetRequestContextHolder' -> true]]
2021-01-14 18:34:32.601  INFO 23235 --- [    Test worker] o.s.t.c.transaction.TransactionContext   : Began transaction (1) for test context [DefaultTestContext@21e15f73 testClass = TestLoginRepository, testInstance = org.myddd.security.account.infra.TestLoginRepository@56670001, testMethod = testIsEmpty@TestLoginRepository, testException = [null], mergedContextConfiguration = [WebMergedContextConfiguration@209203f testClass = TestLoginRepository, locations = '{}', classes = '{class org.myddd.security.account.TestApplication, class org.myddd.security.account.TestApplication}', contextInitializerClasses = '[]', activeProfiles = '{}', propertySourceLocations = '{}', propertySourceProperties = '{org.springframework.boot.test.context.SpringBootTestContextBootstrapper=true}', contextCustomizers = set[org.springframework.boot.test.autoconfigure.actuate.metrics.MetricsExportContextCustomizerFactory$DisableMetricExportContextCustomizer@20f7647f, org.springframework.boot.test.autoconfigure.properties.PropertyMappingContextCustomizer@0, org.springframework.boot.test.autoconfigure.web.servlet.WebDriverContextCustomizerFactory$Customizer@4272391a, org.springframework.boot.test.context.filter.ExcludeFilterContextCustomizer@d48a055, org.springframework.boot.test.json.DuplicateJsonObjectContextCustomizerFactory$DuplicateJsonObjectContextCustomizer@67520370, org.springframework.boot.test.mock.mockito.MockitoContextCustomizer@0, org.springframework.boot.test.web.client.TestRestTemplateContextCustomizer@8b0c1be, org.springframework.boot.test.context.SpringBootTestArgs@1, org.springframework.boot.test.context.SpringBootTestWebEnvironment@241b4dd1], resourceBasePath = 'src/main/webapp', contextLoader = 'org.springframework.boot.test.context.SpringBootContextLoader', parent = [null]], attributes = map['org.springframework.test.context.web.ServletTestExecutionListener.activateListener' -> true, 'org.springframework.test.context.web.ServletTestExecutionListener.populatedRequestContextHolder' -> true, 'org.springframework.test.context.web.ServletTestExecutionListener.resetRequestContextHolder' -> true]]; transaction manager [org.springframework.orm.jpa.JpaTransactionManager@36c88670]; rollback [true]
2021-01-14 18:34:32.602  INFO 23235 --- [    Test worker] o.m.persistence.jpa.EntityRepositoryJpa  : create a entity: class org.myddd.security.account.domain.LoginEntity/8.
2021-01-14 18:34:32.607  INFO 23235 --- [    Test worker] o.s.t.c.transaction.TransactionContext   : Rolled back transaction for test: [DefaultTestContext@21e15f73 testClass = TestLoginRepository, testInstance = org.myddd.security.account.infra.TestLoginRepository@56670001, testMethod = testIsEmpty@TestLoginRepository, testException = [null], mergedContextConfiguration = [WebMergedContextConfiguration@209203f testClass = TestLoginRepository, locations = '{}', classes = '{class org.myddd.security.account.TestApplication, class org.myddd.security.account.TestApplication}', contextInitializerClasses = '[]', activeProfiles = '{}', propertySourceLocations = '{}', propertySourceProperties = '{org.springframework.boot.test.context.SpringBootTestContextBootstrapper=true}', contextCustomizers = set[org.springframework.boot.test.autoconfigure.actuate.metrics.MetricsExportContextCustomizerFactory$DisableMetricExportContextCustomizer@20f7647f, org.springframework.boot.test.autoconfigure.properties.PropertyMappingContextCustomizer@0, org.springframework.boot.test.autoconfigure.web.servlet.WebDriverContextCustomizerFactory$Customizer@4272391a, org.springframework.boot.test.context.filter.ExcludeFilterContextCustomizer@d48a055, org.springframework.boot.test.json.DuplicateJsonObjectContextCustomizerFactory$DuplicateJsonObjectContextCustomizer@67520370, org.springframework.boot.test.mock.mockito.MockitoContextCustomizer@0, org.springframework.boot.test.web.client.TestRestTemplateContextCustomizer@8b0c1be, org.springframework.boot.test.context.SpringBootTestArgs@1, org.springframework.boot.test.context.SpringBootTestWebEnvironment@241b4dd1], resourceBasePath = 'src/main/webapp', contextLoader = 'org.springframework.boot.test.context.SpringBootContextLoader', parent = [null]], attributes = map['org.springframework.test.context.web.ServletTestExecutionListener.activateListener' -> true, 'org.springframework.test.context.web.ServletTestExecutionListener.populatedRequestContextHolder' -> true, 'org.springframework.test.context.web.ServletTestExecutionListener.resetRequestContextHolder' -> true]]
]]></system-out>
  <system-err><![CDATA[]]></system-err>
</testsuite>
