<?xml version="1.0" encoding="UTF-8"?>
<testsuite name="org.myddd.security.account.application.TestLoginApplication" tests="10" skipped="0" failures="0" errors="0" timestamp="2021-01-14T10:34:32" hostname="lingen_mac" time="0.201">
  <properties/>
  <testcase name="testCreateSuper()" classname="org.myddd.security.account.application.TestLoginApplication" time="0.036"/>
  <testcase name="testUpdateUser()" classname="org.myddd.security.account.application.TestLoginApplication" time="0.013"/>
  <testcase name="testQueryLogin()" classname="org.myddd.security.account.application.TestLoginApplication" time="0.047"/>
  <testcase name="testUpdatePasswordByAdmin()" classname="org.myddd.security.account.application.TestLoginApplication" time="0.013"/>
  <testcase name="testPageQueryUser()" classname="org.myddd.security.account.application.TestLoginApplication" time="0.023"/>
  <testcase name="testCreateUser()" classname="org.myddd.security.account.application.TestLoginApplication" time="0.012"/>
  <testcase name="testDisableUser()" classname="org.myddd.security.account.application.TestLoginApplication" time="0.015"/>
  <testcase name="testUpdatePassword()" classname="org.myddd.security.account.application.TestLoginApplication" time="0.013"/>
  <testcase name="testEnableUser()" classname="org.myddd.security.account.application.TestLoginApplication" time="0.013"/>
  <testcase name="testIsEmpty()" classname="org.myddd.security.account.application.TestLoginApplication" time="0.007"/>
  <system-out><![CDATA[2021-01-14 18:34:32.611  INFO 23235 --- [    Test worker] .b.t.c.SpringBootTestContextBootstrapper : Neither @ContextConfiguration nor @ContextHierarchy found for test class [org.myddd.security.account.application.TestLoginApplication], using SpringBootContextLoader
2021-01-14 18:34:32.612  INFO 23235 --- [    Test worker] o.s.t.c.support.AbstractContextLoader    : Could not detect default resource locations for test class [org.myddd.security.account.application.TestLoginApplication]: no resource found for suffixes {-context.xml, Context.groovy}.
2021-01-14 18:34:32.616  INFO 23235 --- [    Test worker] .b.t.c.SpringBootTestContextBootstrapper : Loaded default TestExecutionListener class names from location [META-INF/spring.factories]: [org.springframework.boot.test.autoconfigure.restdocs.RestDocsTestExecutionListener, org.springframework.boot.test.autoconfigure.web.client.MockRestServiceServerResetTestExecutionListener, org.springframework.boot.test.autoconfigure.web.servlet.MockMvcPrintOnlyOnFailureTestExecutionListener, org.springframework.boot.test.autoconfigure.web.servlet.WebDriverTestExecutionListener, org.springframework.boot.test.autoconfigure.webservices.client.MockWebServiceServerTestExecutionListener, org.springframework.boot.test.mock.mockito.MockitoTestExecutionListener, org.springframework.boot.test.mock.mockito.ResetMocksTestExecutionListener, org.springframework.test.context.web.ServletTestExecutionListener, org.springframework.test.context.support.DirtiesContextBeforeModesTestExecutionListener, org.springframework.test.context.support.DependencyInjectionTestExecutionListener, org.springframework.test.context.support.DirtiesContextTestExecutionListener, org.springframework.test.context.transaction.TransactionalTestExecutionListener, org.springframework.test.context.jdbc.SqlScriptsTestExecutionListener, org.springframework.test.context.event.EventPublishingTestExecutionListener]
2021-01-14 18:34:32.617  INFO 23235 --- [    Test worker] .b.t.c.SpringBootTestContextBootstrapper : Using TestExecutionListeners: [org.springframework.test.context.web.ServletTestExecutionListener@247a0d34, org.springframework.test.context.support.DirtiesContextBeforeModesTestExecutionListener@837cef3, org.springframework.boot.test.mock.mockito.MockitoTestExecutionListener@1a03acc1, org.springframework.boot.test.autoconfigure.SpringBootDependencyInjectionTestExecutionListener@6d21ef40, org.springframework.test.context.support.DirtiesContextTestExecutionListener@19c64c7d, org.springframework.test.context.transaction.TransactionalTestExecutionListener@2f3059e0, org.springframework.test.context.jdbc.SqlScriptsTestExecutionListener@28d28d63, org.springframework.test.context.event.EventPublishingTestExecutionListener@4a6b3cd6, org.springframework.boot.test.autoconfigure.restdocs.RestDocsTestExecutionListener@61e52442, org.springframework.boot.test.autoconfigure.web.client.MockRestServiceServerResetTestExecutionListener@4c379ec7, org.springframework.boot.test.autoconfigure.web.servlet.MockMvcPrintOnlyOnFailureTestExecutionListener@7032abb7, org.springframework.boot.test.autoconfigure.web.servlet.WebDriverTestExecutionListener@632ca4eb, org.springframework.boot.test.autoconfigure.webservices.client.MockWebServiceServerTestExecutionListener@2b234bf8, org.springframework.boot.test.mock.mockito.ResetMocksTestExecutionListener@5b9229fd]
2021-01-14 18:34:32.645  INFO 23235 --- [    Test worker] o.m.persistence.jpa.EntityRepositoryJpa  : create a entity: class org.myddd.security.account.domain.LoginEntity/9.
2021-01-14 18:34:32.660  INFO 23235 --- [    Test worker] o.m.persistence.jpa.EntityRepositoryJpa  : create a entity: class org.myddd.security.account.domain.LoginEntity/10.
2021-01-14 18:34:32.664  INFO 23235 --- [    Test worker] o.m.persistence.jpa.EntityRepositoryJpa  : update a entity: class org.myddd.security.account.domain.LoginEntity/10.
2021-01-14 18:34:32.674  INFO 23235 --- [    Test worker] o.m.persistence.jpa.EntityRepositoryJpa  : create a entity: class org.myddd.security.account.domain.LoginEntity/11.
2021-01-14 18:34:32.715  INFO 23235 --- [    Test worker] o.m.persistence.jpa.EntityRepositoryJpa  : remove a entity: class org.myddd.security.account.domain.LoginEntity/11.
2021-01-14 18:34:32.723  INFO 23235 --- [    Test worker] o.m.persistence.jpa.EntityRepositoryJpa  : create a entity: class org.myddd.security.account.domain.LoginEntity/12.
2021-01-14 18:34:32.727  INFO 23235 --- [    Test worker] o.m.persistence.jpa.EntityRepositoryJpa  : update a entity: class org.myddd.security.account.domain.LoginEntity/12.
2021-01-14 18:34:32.737  INFO 23235 --- [    Test worker] o.m.persistence.jpa.EntityRepositoryJpa  : create a entity: class org.myddd.security.account.domain.LoginEntity/13.
2021-01-14 18:34:32.761  INFO 23235 --- [    Test worker] o.m.persistence.jpa.EntityRepositoryJpa  : create a entity: class org.myddd.security.account.domain.LoginEntity/14.
2021-01-14 18:34:32.767  INFO 23235 --- [    Test worker] o.m.persistence.jpa.EntityRepositoryJpa  : remove a entity: class org.myddd.security.account.domain.LoginEntity/14.
2021-01-14 18:34:32.777  INFO 23235 --- [    Test worker] o.m.persistence.jpa.EntityRepositoryJpa  : create a entity: class org.myddd.security.account.domain.LoginEntity/15.
2021-01-14 18:34:32.783  INFO 23235 --- [    Test worker] o.m.persistence.jpa.EntityRepositoryJpa  : update a entity: class org.myddd.security.account.domain.LoginEntity/15.
2021-01-14 18:34:32.790  INFO 23235 --- [    Test worker] o.m.persistence.jpa.EntityRepositoryJpa  : create a entity: class org.myddd.security.account.domain.LoginEntity/16.
2021-01-14 18:34:32.796  INFO 23235 --- [    Test worker] o.m.persistence.jpa.EntityRepositoryJpa  : update a entity: class org.myddd.security.account.domain.LoginEntity/16.
2021-01-14 18:34:32.806  INFO 23235 --- [    Test worker] o.m.persistence.jpa.EntityRepositoryJpa  : create a entity: class org.myddd.security.account.domain.LoginEntity/17.
2021-01-14 18:34:32.811  INFO 23235 --- [    Test worker] o.m.persistence.jpa.EntityRepositoryJpa  : update a entity: class org.myddd.security.account.domain.LoginEntity/17.
2021-01-14 18:34:32.818  INFO 23235 --- [    Test worker] o.m.persistence.jpa.EntityRepositoryJpa  : create a entity: class org.myddd.security.account.domain.LoginEntity/18.
]]></system-out>
  <system-err><![CDATA[]]></system-err>
</testsuite>
