<?xml version="1.0" encoding="UTF-8"?>
<testsuite name="org.myddd.security.account.domain.TestLoginEntity" tests="10" skipped="0" failures="0" errors="0" timestamp="2021-01-14T10:34:32" hostname="lingen_mac" time="0.09">
  <properties/>
  <testcase name="testCreateSuperUser()" classname="org.myddd.security.account.domain.TestLoginEntity" time="0.005"/>
  <testcase name="testUpdateUser()" classname="org.myddd.security.account.domain.TestLoginEntity" time="0.009"/>
  <testcase name="testUpdatePasswordByAdmin()" classname="org.myddd.security.account.domain.TestLoginEntity" time="0.008"/>
  <testcase name="testFindByUsername()" classname="org.myddd.security.account.domain.TestLoginEntity" time="0.009"/>
  <testcase name="testIsExists()" classname="org.myddd.security.account.domain.TestLoginEntity" time="0.007"/>
  <testcase name="testCreateUser()" classname="org.myddd.security.account.domain.TestLoginEntity" time="0.004"/>
  <testcase name="testUpdatePassword()" classname="org.myddd.security.account.domain.TestLoginEntity" time="0.011"/>
  <testcase name="testDeleteUser()" classname="org.myddd.security.account.domain.TestLoginEntity" time="0.017"/>
  <testcase name="testEnableAndDisable()" classname="org.myddd.security.account.domain.TestLoginEntity" time="0.007"/>
  <testcase name="testIsEmpty()" classname="org.myddd.security.account.domain.TestLoginEntity" time="0.007"/>
  <system-out><![CDATA[2021-01-14 18:34:32.824  INFO 23235 --- [    Test worker] .b.t.c.SpringBootTestContextBootstrapper : Neither @ContextConfiguration nor @ContextHierarchy found for test class [org.myddd.security.account.domain.TestLoginEntity], using SpringBootContextLoader
2021-01-14 18:34:32.824  INFO 23235 --- [    Test worker] o.s.t.c.support.AbstractContextLoader    : Could not detect default resource locations for test class [org.myddd.security.account.domain.TestLoginEntity]: no resource found for suffixes {-context.xml, Context.groovy}.
2021-01-14 18:34:32.827  INFO 23235 --- [    Test worker] .b.t.c.SpringBootTestContextBootstrapper : Loaded default TestExecutionListener class names from location [META-INF/spring.factories]: [org.springframework.boot.test.autoconfigure.restdocs.RestDocsTestExecutionListener, org.springframework.boot.test.autoconfigure.web.client.MockRestServiceServerResetTestExecutionListener, org.springframework.boot.test.autoconfigure.web.servlet.MockMvcPrintOnlyOnFailureTestExecutionListener, org.springframework.boot.test.autoconfigure.web.servlet.WebDriverTestExecutionListener, org.springframework.boot.test.autoconfigure.webservices.client.MockWebServiceServerTestExecutionListener, org.springframework.boot.test.mock.mockito.MockitoTestExecutionListener, org.springframework.boot.test.mock.mockito.ResetMocksTestExecutionListener, org.springframework.test.context.web.ServletTestExecutionListener, org.springframework.test.context.support.DirtiesContextBeforeModesTestExecutionListener, org.springframework.test.context.support.DependencyInjectionTestExecutionListener, org.springframework.test.context.support.DirtiesContextTestExecutionListener, org.springframework.test.context.transaction.TransactionalTestExecutionListener, org.springframework.test.context.jdbc.SqlScriptsTestExecutionListener, org.springframework.test.context.event.EventPublishingTestExecutionListener]
2021-01-14 18:34:32.827  INFO 23235 --- [    Test worker] .b.t.c.SpringBootTestContextBootstrapper : Using TestExecutionListeners: [org.springframework.test.context.web.ServletTestExecutionListener@33b2b1c1, org.springframework.test.context.support.DirtiesContextBeforeModesTestExecutionListener@608e6ab8, org.springframework.boot.test.mock.mockito.MockitoTestExecutionListener@6d1649f4, org.springframework.boot.test.autoconfigure.SpringBootDependencyInjectionTestExecutionListener@342a4101, org.springframework.test.context.support.DirtiesContextTestExecutionListener@12b0d2fc, org.springframework.test.context.transaction.TransactionalTestExecutionListener@178a1b8, org.springframework.test.context.jdbc.SqlScriptsTestExecutionListener@5e7e118a, org.springframework.test.context.event.EventPublishingTestExecutionListener@38ba710d, org.springframework.boot.test.autoconfigure.restdocs.RestDocsTestExecutionListener@2c0973d4, org.springframework.boot.test.autoconfigure.web.client.MockRestServiceServerResetTestExecutionListener@68b8628c, org.springframework.boot.test.autoconfigure.web.servlet.MockMvcPrintOnlyOnFailureTestExecutionListener@46e4cc50, org.springframework.boot.test.autoconfigure.web.servlet.WebDriverTestExecutionListener@2dbdef98, org.springframework.boot.test.autoconfigure.webservices.client.MockWebServiceServerTestExecutionListener@4a4dae28, org.springframework.boot.test.mock.mockito.ResetMocksTestExecutionListener@61ca09ef]
2021-01-14 18:34:32.831  INFO 23235 --- [    Test worker] o.s.t.c.transaction.TransactionContext   : Began transaction (1) for test context [DefaultTestContext@432f2158 testClass = TestLoginEntity, testInstance = org.myddd.security.account.domain.TestLoginEntity@6434ebfb, testMethod = testCreateSuperUser@TestLoginEntity, testException = [null], mergedContextConfiguration = [WebMergedContextConfiguration@558003e3 testClass = TestLoginEntity, locations = '{}', classes = '{class org.myddd.security.account.TestApplication, class org.myddd.security.account.TestApplication}', contextInitializerClasses = '[]', activeProfiles = '{}', propertySourceLocations = '{}', propertySourceProperties = '{org.springframework.boot.test.context.SpringBootTestContextBootstrapper=true}', contextCustomizers = set[org.springframework.boot.test.autoconfigure.actuate.metrics.MetricsExportContextCustomizerFactory$DisableMetricExportContextCustomizer@20f7647f, org.springframework.boot.test.autoconfigure.properties.PropertyMappingContextCustomizer@0, org.springframework.boot.test.autoconfigure.web.servlet.WebDriverContextCustomizerFactory$Customizer@4272391a, org.springframework.boot.test.context.filter.ExcludeFilterContextCustomizer@d48a055, org.springframework.boot.test.json.DuplicateJsonObjectContextCustomizerFactory$DuplicateJsonObjectContextCustomizer@67520370, org.springframework.boot.test.mock.mockito.MockitoContextCustomizer@0, org.springframework.boot.test.web.client.TestRestTemplateContextCustomizer@8b0c1be, org.springframework.boot.test.context.SpringBootTestArgs@1, org.springframework.boot.test.context.SpringBootTestWebEnvironment@241b4dd1], resourceBasePath = 'src/main/webapp', contextLoader = 'org.springframework.boot.test.context.SpringBootContextLoader', parent = [null]], attributes = map['org.springframework.test.context.web.ServletTestExecutionListener.activateListener' -> true, 'org.springframework.test.context.web.ServletTestExecutionListener.populatedRequestContextHolder' -> true, 'org.springframework.test.context.web.ServletTestExecutionListener.resetRequestContextHolder' -> true]]; transaction manager [org.springframework.orm.jpa.JpaTransactionManager@36c88670]; rollback [true]
2021-01-14 18:34:32.833  INFO 23235 --- [    Test worker] o.m.persistence.jpa.EntityRepositoryJpa  : create a entity: class org.myddd.security.account.domain.LoginEntity/19.
2021-01-14 18:34:32.835  INFO 23235 --- [    Test worker] o.s.t.c.transaction.TransactionContext   : Rolled back transaction for test: [DefaultTestContext@432f2158 testClass = TestLoginEntity, testInstance = org.myddd.security.account.domain.TestLoginEntity@6434ebfb, testMethod = testCreateSuperUser@TestLoginEntity, testException = [null], mergedContextConfiguration = [WebMergedContextConfiguration@558003e3 testClass = TestLoginEntity, locations = '{}', classes = '{class org.myddd.security.account.TestApplication, class org.myddd.security.account.TestApplication}', contextInitializerClasses = '[]', activeProfiles = '{}', propertySourceLocations = '{}', propertySourceProperties = '{org.springframework.boot.test.context.SpringBootTestContextBootstrapper=true}', contextCustomizers = set[org.springframework.boot.test.autoconfigure.actuate.metrics.MetricsExportContextCustomizerFactory$DisableMetricExportContextCustomizer@20f7647f, org.springframework.boot.test.autoconfigure.properties.PropertyMappingContextCustomizer@0, org.springframework.boot.test.autoconfigure.web.servlet.WebDriverContextCustomizerFactory$Customizer@4272391a, org.springframework.boot.test.context.filter.ExcludeFilterContextCustomizer@d48a055, org.springframework.boot.test.json.DuplicateJsonObjectContextCustomizerFactory$DuplicateJsonObjectContextCustomizer@67520370, org.springframework.boot.test.mock.mockito.MockitoContextCustomizer@0, org.springframework.boot.test.web.client.TestRestTemplateContextCustomizer@8b0c1be, org.springframework.boot.test.context.SpringBootTestArgs@1, org.springframework.boot.test.context.SpringBootTestWebEnvironment@241b4dd1], resourceBasePath = 'src/main/webapp', contextLoader = 'org.springframework.boot.test.context.SpringBootContextLoader', parent = [null]], attributes = map['org.springframework.test.context.web.ServletTestExecutionListener.activateListener' -> true, 'org.springframework.test.context.web.ServletTestExecutionListener.populatedRequestContextHolder' -> true, 'org.springframework.test.context.web.ServletTestExecutionListener.resetRequestContextHolder' -> true]]
2021-01-14 18:34:32.837  INFO 23235 --- [    Test worker] o.s.t.c.transaction.TransactionContext   : Began transaction (1) for test context [DefaultTestContext@432f2158 testClass = TestLoginEntity, testInstance = org.myddd.security.account.domain.TestLoginEntity@2413097, testMethod = testUpdateUser@TestLoginEntity, testException = [null], mergedContextConfiguration = [WebMergedContextConfiguration@558003e3 testClass = TestLoginEntity, locations = '{}', classes = '{class org.myddd.security.account.TestApplication, class org.myddd.security.account.TestApplication}', contextInitializerClasses = '[]', activeProfiles = '{}', propertySourceLocations = '{}', propertySourceProperties = '{org.springframework.boot.test.context.SpringBootTestContextBootstrapper=true}', contextCustomizers = set[org.springframework.boot.test.autoconfigure.actuate.metrics.MetricsExportContextCustomizerFactory$DisableMetricExportContextCustomizer@20f7647f, org.springframework.boot.test.autoconfigure.properties.PropertyMappingContextCustomizer@0, org.springframework.boot.test.autoconfigure.web.servlet.WebDriverContextCustomizerFactory$Customizer@4272391a, org.springframework.boot.test.context.filter.ExcludeFilterContextCustomizer@d48a055, org.springframework.boot.test.json.DuplicateJsonObjectContextCustomizerFactory$DuplicateJsonObjectContextCustomizer@67520370, org.springframework.boot.test.mock.mockito.MockitoContextCustomizer@0, org.springframework.boot.test.web.client.TestRestTemplateContextCustomizer@8b0c1be, org.springframework.boot.test.context.SpringBootTestArgs@1, org.springframework.boot.test.context.SpringBootTestWebEnvironment@241b4dd1], resourceBasePath = 'src/main/webapp', contextLoader = 'org.springframework.boot.test.context.SpringBootContextLoader', parent = [null]], attributes = map['org.springframework.test.context.web.ServletTestExecutionListener.activateListener' -> true, 'org.springframework.test.context.web.ServletTestExecutionListener.populatedRequestContextHolder' -> true, 'org.springframework.test.context.web.ServletTestExecutionListener.resetRequestContextHolder' -> true]]; transaction manager [org.springframework.orm.jpa.JpaTransactionManager@36c88670]; rollback [true]
2021-01-14 18:34:32.838  INFO 23235 --- [    Test worker] o.m.persistence.jpa.EntityRepositoryJpa  : create a entity: class org.myddd.security.account.domain.LoginEntity/20.
2021-01-14 18:34:32.842  INFO 23235 --- [    Test worker] o.m.persistence.jpa.EntityRepositoryJpa  : update a entity: class org.myddd.security.account.domain.LoginEntity/20.
2021-01-14 18:34:32.844  INFO 23235 --- [    Test worker] o.s.t.c.transaction.TransactionContext   : Rolled back transaction for test: [DefaultTestContext@432f2158 testClass = TestLoginEntity, testInstance = org.myddd.security.account.domain.TestLoginEntity@2413097, testMethod = testUpdateUser@TestLoginEntity, testException = [null], mergedContextConfiguration = [WebMergedContextConfiguration@558003e3 testClass = TestLoginEntity, locations = '{}', classes = '{class org.myddd.security.account.TestApplication, class org.myddd.security.account.TestApplication}', contextInitializerClasses = '[]', activeProfiles = '{}', propertySourceLocations = '{}', propertySourceProperties = '{org.springframework.boot.test.context.SpringBootTestContextBootstrapper=true}', contextCustomizers = set[org.springframework.boot.test.autoconfigure.actuate.metrics.MetricsExportContextCustomizerFactory$DisableMetricExportContextCustomizer@20f7647f, org.springframework.boot.test.autoconfigure.properties.PropertyMappingContextCustomizer@0, org.springframework.boot.test.autoconfigure.web.servlet.WebDriverContextCustomizerFactory$Customizer@4272391a, org.springframework.boot.test.context.filter.ExcludeFilterContextCustomizer@d48a055, org.springframework.boot.test.json.DuplicateJsonObjectContextCustomizerFactory$DuplicateJsonObjectContextCustomizer@67520370, org.springframework.boot.test.mock.mockito.MockitoContextCustomizer@0, org.springframework.boot.test.web.client.TestRestTemplateContextCustomizer@8b0c1be, org.springframework.boot.test.context.SpringBootTestArgs@1, org.springframework.boot.test.context.SpringBootTestWebEnvironment@241b4dd1], resourceBasePath = 'src/main/webapp', contextLoader = 'org.springframework.boot.test.context.SpringBootContextLoader', parent = [null]], attributes = map['org.springframework.test.context.web.ServletTestExecutionListener.activateListener' -> true, 'org.springframework.test.context.web.ServletTestExecutionListener.populatedRequestContextHolder' -> true, 'org.springframework.test.context.web.ServletTestExecutionListener.resetRequestContextHolder' -> true]]
2021-01-14 18:34:32.846  INFO 23235 --- [    Test worker] o.s.t.c.transaction.TransactionContext   : Began transaction (1) for test context [DefaultTestContext@432f2158 testClass = TestLoginEntity, testInstance = org.myddd.security.account.domain.TestLoginEntity@5997e266, testMethod = testUpdatePasswordByAdmin@TestLoginEntity, testException = [null], mergedContextConfiguration = [WebMergedContextConfiguration@558003e3 testClass = TestLoginEntity, locations = '{}', classes = '{class org.myddd.security.account.TestApplication, class org.myddd.security.account.TestApplication}', contextInitializerClasses = '[]', activeProfiles = '{}', propertySourceLocations = '{}', propertySourceProperties = '{org.springframework.boot.test.context.SpringBootTestContextBootstrapper=true}', contextCustomizers = set[org.springframework.boot.test.autoconfigure.actuate.metrics.MetricsExportContextCustomizerFactory$DisableMetricExportContextCustomizer@20f7647f, org.springframework.boot.test.autoconfigure.properties.PropertyMappingContextCustomizer@0, org.springframework.boot.test.autoconfigure.web.servlet.WebDriverContextCustomizerFactory$Customizer@4272391a, org.springframework.boot.test.context.filter.ExcludeFilterContextCustomizer@d48a055, org.springframework.boot.test.json.DuplicateJsonObjectContextCustomizerFactory$DuplicateJsonObjectContextCustomizer@67520370, org.springframework.boot.test.mock.mockito.MockitoContextCustomizer@0, org.springframework.boot.test.web.client.TestRestTemplateContextCustomizer@8b0c1be, org.springframework.boot.test.context.SpringBootTestArgs@1, org.springframework.boot.test.context.SpringBootTestWebEnvironment@241b4dd1], resourceBasePath = 'src/main/webapp', contextLoader = 'org.springframework.boot.test.context.SpringBootContextLoader', parent = [null]], attributes = map['org.springframework.test.context.web.ServletTestExecutionListener.activateListener' -> true, 'org.springframework.test.context.web.ServletTestExecutionListener.populatedRequestContextHolder' -> true, 'org.springframework.test.context.web.ServletTestExecutionListener.resetRequestContextHolder' -> true]]; transaction manager [org.springframework.orm.jpa.JpaTransactionManager@36c88670]; rollback [true]
2021-01-14 18:34:32.848  INFO 23235 --- [    Test worker] o.m.persistence.jpa.EntityRepositoryJpa  : create a entity: class org.myddd.security.account.domain.LoginEntity/21.
2021-01-14 18:34:32.851  INFO 23235 --- [    Test worker] o.m.persistence.jpa.EntityRepositoryJpa  : update a entity: class org.myddd.security.account.domain.LoginEntity/21.
2021-01-14 18:34:32.853  INFO 23235 --- [    Test worker] o.s.t.c.transaction.TransactionContext   : Rolled back transaction for test: [DefaultTestContext@432f2158 testClass = TestLoginEntity, testInstance = org.myddd.security.account.domain.TestLoginEntity@5997e266, testMethod = testUpdatePasswordByAdmin@TestLoginEntity, testException = [null], mergedContextConfiguration = [WebMergedContextConfiguration@558003e3 testClass = TestLoginEntity, locations = '{}', classes = '{class org.myddd.security.account.TestApplication, class org.myddd.security.account.TestApplication}', contextInitializerClasses = '[]', activeProfiles = '{}', propertySourceLocations = '{}', propertySourceProperties = '{org.springframework.boot.test.context.SpringBootTestContextBootstrapper=true}', contextCustomizers = set[org.springframework.boot.test.autoconfigure.actuate.metrics.MetricsExportContextCustomizerFactory$DisableMetricExportContextCustomizer@20f7647f, org.springframework.boot.test.autoconfigure.properties.PropertyMappingContextCustomizer@0, org.springframework.boot.test.autoconfigure.web.servlet.WebDriverContextCustomizerFactory$Customizer@4272391a, org.springframework.boot.test.context.filter.ExcludeFilterContextCustomizer@d48a055, org.springframework.boot.test.json.DuplicateJsonObjectContextCustomizerFactory$DuplicateJsonObjectContextCustomizer@67520370, org.springframework.boot.test.mock.mockito.MockitoContextCustomizer@0, org.springframework.boot.test.web.client.TestRestTemplateContextCustomizer@8b0c1be, org.springframework.boot.test.context.SpringBootTestArgs@1, org.springframework.boot.test.context.SpringBootTestWebEnvironment@241b4dd1], resourceBasePath = 'src/main/webapp', contextLoader = 'org.springframework.boot.test.context.SpringBootContextLoader', parent = [null]], attributes = map['org.springframework.test.context.web.ServletTestExecutionListener.activateListener' -> true, 'org.springframework.test.context.web.ServletTestExecutionListener.populatedRequestContextHolder' -> true, 'org.springframework.test.context.web.ServletTestExecutionListener.resetRequestContextHolder' -> true]]
2021-01-14 18:34:32.855  INFO 23235 --- [    Test worker] o.s.t.c.transaction.TransactionContext   : Began transaction (1) for test context [DefaultTestContext@432f2158 testClass = TestLoginEntity, testInstance = org.myddd.security.account.domain.TestLoginEntity@21665f75, testMethod = testFindByUsername@TestLoginEntity, testException = [null], mergedContextConfiguration = [WebMergedContextConfiguration@558003e3 testClass = TestLoginEntity, locations = '{}', classes = '{class org.myddd.security.account.TestApplication, class org.myddd.security.account.TestApplication}', contextInitializerClasses = '[]', activeProfiles = '{}', propertySourceLocations = '{}', propertySourceProperties = '{org.springframework.boot.test.context.SpringBootTestContextBootstrapper=true}', contextCustomizers = set[org.springframework.boot.test.autoconfigure.actuate.metrics.MetricsExportContextCustomizerFactory$DisableMetricExportContextCustomizer@20f7647f, org.springframework.boot.test.autoconfigure.properties.PropertyMappingContextCustomizer@0, org.springframework.boot.test.autoconfigure.web.servlet.WebDriverContextCustomizerFactory$Customizer@4272391a, org.springframework.boot.test.context.filter.ExcludeFilterContextCustomizer@d48a055, org.springframework.boot.test.json.DuplicateJsonObjectContextCustomizerFactory$DuplicateJsonObjectContextCustomizer@67520370, org.springframework.boot.test.mock.mockito.MockitoContextCustomizer@0, org.springframework.boot.test.web.client.TestRestTemplateContextCustomizer@8b0c1be, org.springframework.boot.test.context.SpringBootTestArgs@1, org.springframework.boot.test.context.SpringBootTestWebEnvironment@241b4dd1], resourceBasePath = 'src/main/webapp', contextLoader = 'org.springframework.boot.test.context.SpringBootContextLoader', parent = [null]], attributes = map['org.springframework.test.context.web.ServletTestExecutionListener.activateListener' -> true, 'org.springframework.test.context.web.ServletTestExecutionListener.populatedRequestContextHolder' -> true, 'org.springframework.test.context.web.ServletTestExecutionListener.resetRequestContextHolder' -> true]]; transaction manager [org.springframework.orm.jpa.JpaTransactionManager@36c88670]; rollback [true]
2021-01-14 18:34:32.857  INFO 23235 --- [    Test worker] o.m.persistence.jpa.EntityRepositoryJpa  : create a entity: class org.myddd.security.account.domain.LoginEntity/22.
2021-01-14 18:34:32.862  INFO 23235 --- [    Test worker] o.s.t.c.transaction.TransactionContext   : Rolled back transaction for test: [DefaultTestContext@432f2158 testClass = TestLoginEntity, testInstance = org.myddd.security.account.domain.TestLoginEntity@21665f75, testMethod = testFindByUsername@TestLoginEntity, testException = [null], mergedContextConfiguration = [WebMergedContextConfiguration@558003e3 testClass = TestLoginEntity, locations = '{}', classes = '{class org.myddd.security.account.TestApplication, class org.myddd.security.account.TestApplication}', contextInitializerClasses = '[]', activeProfiles = '{}', propertySourceLocations = '{}', propertySourceProperties = '{org.springframework.boot.test.context.SpringBootTestContextBootstrapper=true}', contextCustomizers = set[org.springframework.boot.test.autoconfigure.actuate.metrics.MetricsExportContextCustomizerFactory$DisableMetricExportContextCustomizer@20f7647f, org.springframework.boot.test.autoconfigure.properties.PropertyMappingContextCustomizer@0, org.springframework.boot.test.autoconfigure.web.servlet.WebDriverContextCustomizerFactory$Customizer@4272391a, org.springframework.boot.test.context.filter.ExcludeFilterContextCustomizer@d48a055, org.springframework.boot.test.json.DuplicateJsonObjectContextCustomizerFactory$DuplicateJsonObjectContextCustomizer@67520370, org.springframework.boot.test.mock.mockito.MockitoContextCustomizer@0, org.springframework.boot.test.web.client.TestRestTemplateContextCustomizer@8b0c1be, org.springframework.boot.test.context.SpringBootTestArgs@1, org.springframework.boot.test.context.SpringBootTestWebEnvironment@241b4dd1], resourceBasePath = 'src/main/webapp', contextLoader = 'org.springframework.boot.test.context.SpringBootContextLoader', parent = [null]], attributes = map['org.springframework.test.context.web.ServletTestExecutionListener.activateListener' -> true, 'org.springframework.test.context.web.ServletTestExecutionListener.populatedRequestContextHolder' -> true, 'org.springframework.test.context.web.ServletTestExecutionListener.resetRequestContextHolder' -> true]]
2021-01-14 18:34:32.864  INFO 23235 --- [    Test worker] o.s.t.c.transaction.TransactionContext   : Began transaction (1) for test context [DefaultTestContext@432f2158 testClass = TestLoginEntity, testInstance = org.myddd.security.account.domain.TestLoginEntity@6541481d, testMethod = testIsExists@TestLoginEntity, testException = [null], mergedContextConfiguration = [WebMergedContextConfiguration@558003e3 testClass = TestLoginEntity, locations = '{}', classes = '{class org.myddd.security.account.TestApplication, class org.myddd.security.account.TestApplication}', contextInitializerClasses = '[]', activeProfiles = '{}', propertySourceLocations = '{}', propertySourceProperties = '{org.springframework.boot.test.context.SpringBootTestContextBootstrapper=true}', contextCustomizers = set[org.springframework.boot.test.autoconfigure.actuate.metrics.MetricsExportContextCustomizerFactory$DisableMetricExportContextCustomizer@20f7647f, org.springframework.boot.test.autoconfigure.properties.PropertyMappingContextCustomizer@0, org.springframework.boot.test.autoconfigure.web.servlet.WebDriverContextCustomizerFactory$Customizer@4272391a, org.springframework.boot.test.context.filter.ExcludeFilterContextCustomizer@d48a055, org.springframework.boot.test.json.DuplicateJsonObjectContextCustomizerFactory$DuplicateJsonObjectContextCustomizer@67520370, org.springframework.boot.test.mock.mockito.MockitoContextCustomizer@0, org.springframework.boot.test.web.client.TestRestTemplateContextCustomizer@8b0c1be, org.springframework.boot.test.context.SpringBootTestArgs@1, org.springframework.boot.test.context.SpringBootTestWebEnvironment@241b4dd1], resourceBasePath = 'src/main/webapp', contextLoader = 'org.springframework.boot.test.context.SpringBootContextLoader', parent = [null]], attributes = map['org.springframework.test.context.web.ServletTestExecutionListener.activateListener' -> true, 'org.springframework.test.context.web.ServletTestExecutionListener.populatedRequestContextHolder' -> true, 'org.springframework.test.context.web.ServletTestExecutionListener.resetRequestContextHolder' -> true]]; transaction manager [org.springframework.orm.jpa.JpaTransactionManager@36c88670]; rollback [true]
2021-01-14 18:34:32.866  INFO 23235 --- [    Test worker] o.m.persistence.jpa.EntityRepositoryJpa  : create a entity: class org.myddd.security.account.domain.LoginEntity/23.
2021-01-14 18:34:32.869  INFO 23235 --- [    Test worker] o.s.t.c.transaction.TransactionContext   : Rolled back transaction for test: [DefaultTestContext@432f2158 testClass = TestLoginEntity, testInstance = org.myddd.security.account.domain.TestLoginEntity@6541481d, testMethod = testIsExists@TestLoginEntity, testException = [null], mergedContextConfiguration = [WebMergedContextConfiguration@558003e3 testClass = TestLoginEntity, locations = '{}', classes = '{class org.myddd.security.account.TestApplication, class org.myddd.security.account.TestApplication}', contextInitializerClasses = '[]', activeProfiles = '{}', propertySourceLocations = '{}', propertySourceProperties = '{org.springframework.boot.test.context.SpringBootTestContextBootstrapper=true}', contextCustomizers = set[org.springframework.boot.test.autoconfigure.actuate.metrics.MetricsExportContextCustomizerFactory$DisableMetricExportContextCustomizer@20f7647f, org.springframework.boot.test.autoconfigure.properties.PropertyMappingContextCustomizer@0, org.springframework.boot.test.autoconfigure.web.servlet.WebDriverContextCustomizerFactory$Customizer@4272391a, org.springframework.boot.test.context.filter.ExcludeFilterContextCustomizer@d48a055, org.springframework.boot.test.json.DuplicateJsonObjectContextCustomizerFactory$DuplicateJsonObjectContextCustomizer@67520370, org.springframework.boot.test.mock.mockito.MockitoContextCustomizer@0, org.springframework.boot.test.web.client.TestRestTemplateContextCustomizer@8b0c1be, org.springframework.boot.test.context.SpringBootTestArgs@1, org.springframework.boot.test.context.SpringBootTestWebEnvironment@241b4dd1], resourceBasePath = 'src/main/webapp', contextLoader = 'org.springframework.boot.test.context.SpringBootContextLoader', parent = [null]], attributes = map['org.springframework.test.context.web.ServletTestExecutionListener.activateListener' -> true, 'org.springframework.test.context.web.ServletTestExecutionListener.populatedRequestContextHolder' -> true, 'org.springframework.test.context.web.ServletTestExecutionListener.resetRequestContextHolder' -> true]]
2021-01-14 18:34:32.871  INFO 23235 --- [    Test worker] o.s.t.c.transaction.TransactionContext   : Began transaction (1) for test context [DefaultTestContext@432f2158 testClass = TestLoginEntity, testInstance = org.myddd.security.account.domain.TestLoginEntity@635d32c1, testMethod = testCreateUser@TestLoginEntity, testException = [null], mergedContextConfiguration = [WebMergedContextConfiguration@558003e3 testClass = TestLoginEntity, locations = '{}', classes = '{class org.myddd.security.account.TestApplication, class org.myddd.security.account.TestApplication}', contextInitializerClasses = '[]', activeProfiles = '{}', propertySourceLocations = '{}', propertySourceProperties = '{org.springframework.boot.test.context.SpringBootTestContextBootstrapper=true}', contextCustomizers = set[org.springframework.boot.test.autoconfigure.actuate.metrics.MetricsExportContextCustomizerFactory$DisableMetricExportContextCustomizer@20f7647f, org.springframework.boot.test.autoconfigure.properties.PropertyMappingContextCustomizer@0, org.springframework.boot.test.autoconfigure.web.servlet.WebDriverContextCustomizerFactory$Customizer@4272391a, org.springframework.boot.test.context.filter.ExcludeFilterContextCustomizer@d48a055, org.springframework.boot.test.json.DuplicateJsonObjectContextCustomizerFactory$DuplicateJsonObjectContextCustomizer@67520370, org.springframework.boot.test.mock.mockito.MockitoContextCustomizer@0, org.springframework.boot.test.web.client.TestRestTemplateContextCustomizer@8b0c1be, org.springframework.boot.test.context.SpringBootTestArgs@1, org.springframework.boot.test.context.SpringBootTestWebEnvironment@241b4dd1], resourceBasePath = 'src/main/webapp', contextLoader = 'org.springframework.boot.test.context.SpringBootContextLoader', parent = [null]], attributes = map['org.springframework.test.context.web.ServletTestExecutionListener.activateListener' -> true, 'org.springframework.test.context.web.ServletTestExecutionListener.populatedRequestContextHolder' -> true, 'org.springframework.test.context.web.ServletTestExecutionListener.resetRequestContextHolder' -> true]]; transaction manager [org.springframework.orm.jpa.JpaTransactionManager@36c88670]; rollback [true]
2021-01-14 18:34:32.873  INFO 23235 --- [    Test worker] o.m.persistence.jpa.EntityRepositoryJpa  : create a entity: class org.myddd.security.account.domain.LoginEntity/24.
2021-01-14 18:34:32.874  INFO 23235 --- [    Test worker] o.s.t.c.transaction.TransactionContext   : Rolled back transaction for test: [DefaultTestContext@432f2158 testClass = TestLoginEntity, testInstance = org.myddd.security.account.domain.TestLoginEntity@635d32c1, testMethod = testCreateUser@TestLoginEntity, testException = [null], mergedContextConfiguration = [WebMergedContextConfiguration@558003e3 testClass = TestLoginEntity, locations = '{}', classes = '{class org.myddd.security.account.TestApplication, class org.myddd.security.account.TestApplication}', contextInitializerClasses = '[]', activeProfiles = '{}', propertySourceLocations = '{}', propertySourceProperties = '{org.springframework.boot.test.context.SpringBootTestContextBootstrapper=true}', contextCustomizers = set[org.springframework.boot.test.autoconfigure.actuate.metrics.MetricsExportContextCustomizerFactory$DisableMetricExportContextCustomizer@20f7647f, org.springframework.boot.test.autoconfigure.properties.PropertyMappingContextCustomizer@0, org.springframework.boot.test.autoconfigure.web.servlet.WebDriverContextCustomizerFactory$Customizer@4272391a, org.springframework.boot.test.context.filter.ExcludeFilterContextCustomizer@d48a055, org.springframework.boot.test.json.DuplicateJsonObjectContextCustomizerFactory$DuplicateJsonObjectContextCustomizer@67520370, org.springframework.boot.test.mock.mockito.MockitoContextCustomizer@0, org.springframework.boot.test.web.client.TestRestTemplateContextCustomizer@8b0c1be, org.springframework.boot.test.context.SpringBootTestArgs@1, org.springframework.boot.test.context.SpringBootTestWebEnvironment@241b4dd1], resourceBasePath = 'src/main/webapp', contextLoader = 'org.springframework.boot.test.context.SpringBootContextLoader', parent = [null]], attributes = map['org.springframework.test.context.web.ServletTestExecutionListener.activateListener' -> true, 'org.springframework.test.context.web.ServletTestExecutionListener.populatedRequestContextHolder' -> true, 'org.springframework.test.context.web.ServletTestExecutionListener.resetRequestContextHolder' -> true]]
2021-01-14 18:34:32.876  INFO 23235 --- [    Test worker] o.s.t.c.transaction.TransactionContext   : Began transaction (1) for test context [DefaultTestContext@432f2158 testClass = TestLoginEntity, testInstance = org.myddd.security.account.domain.TestLoginEntity@5f9fa321, testMethod = testUpdatePassword@TestLoginEntity, testException = [null], mergedContextConfiguration = [WebMergedContextConfiguration@558003e3 testClass = TestLoginEntity, locations = '{}', classes = '{class org.myddd.security.account.TestApplication, class org.myddd.security.account.TestApplication}', contextInitializerClasses = '[]', activeProfiles = '{}', propertySourceLocations = '{}', propertySourceProperties = '{org.springframework.boot.test.context.SpringBootTestContextBootstrapper=true}', contextCustomizers = set[org.springframework.boot.test.autoconfigure.actuate.metrics.MetricsExportContextCustomizerFactory$DisableMetricExportContextCustomizer@20f7647f, org.springframework.boot.test.autoconfigure.properties.PropertyMappingContextCustomizer@0, org.springframework.boot.test.autoconfigure.web.servlet.WebDriverContextCustomizerFactory$Customizer@4272391a, org.springframework.boot.test.context.filter.ExcludeFilterContextCustomizer@d48a055, org.springframework.boot.test.json.DuplicateJsonObjectContextCustomizerFactory$DuplicateJsonObjectContextCustomizer@67520370, org.springframework.boot.test.mock.mockito.MockitoContextCustomizer@0, org.springframework.boot.test.web.client.TestRestTemplateContextCustomizer@8b0c1be, org.springframework.boot.test.context.SpringBootTestArgs@1, org.springframework.boot.test.context.SpringBootTestWebEnvironment@241b4dd1], resourceBasePath = 'src/main/webapp', contextLoader = 'org.springframework.boot.test.context.SpringBootContextLoader', parent = [null]], attributes = map['org.springframework.test.context.web.ServletTestExecutionListener.activateListener' -> true, 'org.springframework.test.context.web.ServletTestExecutionListener.populatedRequestContextHolder' -> true, 'org.springframework.test.context.web.ServletTestExecutionListener.resetRequestContextHolder' -> true]]; transaction manager [org.springframework.orm.jpa.JpaTransactionManager@36c88670]; rollback [true]
2021-01-14 18:34:32.878  INFO 23235 --- [    Test worker] o.m.persistence.jpa.EntityRepositoryJpa  : create a entity: class org.myddd.security.account.domain.LoginEntity/25.
2021-01-14 18:34:32.882  INFO 23235 --- [    Test worker] o.m.persistence.jpa.EntityRepositoryJpa  : update a entity: class org.myddd.security.account.domain.LoginEntity/25.
2021-01-14 18:34:32.886  INFO 23235 --- [    Test worker] o.s.t.c.transaction.TransactionContext   : Rolled back transaction for test: [DefaultTestContext@432f2158 testClass = TestLoginEntity, testInstance = org.myddd.security.account.domain.TestLoginEntity@5f9fa321, testMethod = testUpdatePassword@TestLoginEntity, testException = [null], mergedContextConfiguration = [WebMergedContextConfiguration@558003e3 testClass = TestLoginEntity, locations = '{}', classes = '{class org.myddd.security.account.TestApplication, class org.myddd.security.account.TestApplication}', contextInitializerClasses = '[]', activeProfiles = '{}', propertySourceLocations = '{}', propertySourceProperties = '{org.springframework.boot.test.context.SpringBootTestContextBootstrapper=true}', contextCustomizers = set[org.springframework.boot.test.autoconfigure.actuate.metrics.MetricsExportContextCustomizerFactory$DisableMetricExportContextCustomizer@20f7647f, org.springframework.boot.test.autoconfigure.properties.PropertyMappingContextCustomizer@0, org.springframework.boot.test.autoconfigure.web.servlet.WebDriverContextCustomizerFactory$Customizer@4272391a, org.springframework.boot.test.context.filter.ExcludeFilterContextCustomizer@d48a055, org.springframework.boot.test.json.DuplicateJsonObjectContextCustomizerFactory$DuplicateJsonObjectContextCustomizer@67520370, org.springframework.boot.test.mock.mockito.MockitoContextCustomizer@0, org.springframework.boot.test.web.client.TestRestTemplateContextCustomizer@8b0c1be, org.springframework.boot.test.context.SpringBootTestArgs@1, org.springframework.boot.test.context.SpringBootTestWebEnvironment@241b4dd1], resourceBasePath = 'src/main/webapp', contextLoader = 'org.springframework.boot.test.context.SpringBootContextLoader', parent = [null]], attributes = map['org.springframework.test.context.web.ServletTestExecutionListener.activateListener' -> true, 'org.springframework.test.context.web.ServletTestExecutionListener.populatedRequestContextHolder' -> true, 'org.springframework.test.context.web.ServletTestExecutionListener.resetRequestContextHolder' -> true]]
2021-01-14 18:34:32.888  INFO 23235 --- [    Test worker] o.s.t.c.transaction.TransactionContext   : Began transaction (1) for test context [DefaultTestContext@432f2158 testClass = TestLoginEntity, testInstance = org.myddd.security.account.domain.TestLoginEntity@42baf2b0, testMethod = testDeleteUser@TestLoginEntity, testException = [null], mergedContextConfiguration = [WebMergedContextConfiguration@558003e3 testClass = TestLoginEntity, locations = '{}', classes = '{class org.myddd.security.account.TestApplication, class org.myddd.security.account.TestApplication}', contextInitializerClasses = '[]', activeProfiles = '{}', propertySourceLocations = '{}', propertySourceProperties = '{org.springframework.boot.test.context.SpringBootTestContextBootstrapper=true}', contextCustomizers = set[org.springframework.boot.test.autoconfigure.actuate.metrics.MetricsExportContextCustomizerFactory$DisableMetricExportContextCustomizer@20f7647f, org.springframework.boot.test.autoconfigure.properties.PropertyMappingContextCustomizer@0, org.springframework.boot.test.autoconfigure.web.servlet.WebDriverContextCustomizerFactory$Customizer@4272391a, org.springframework.boot.test.context.filter.ExcludeFilterContextCustomizer@d48a055, org.springframework.boot.test.json.DuplicateJsonObjectContextCustomizerFactory$DuplicateJsonObjectContextCustomizer@67520370, org.springframework.boot.test.mock.mockito.MockitoContextCustomizer@0, org.springframework.boot.test.web.client.TestRestTemplateContextCustomizer@8b0c1be, org.springframework.boot.test.context.SpringBootTestArgs@1, org.springframework.boot.test.context.SpringBootTestWebEnvironment@241b4dd1], resourceBasePath = 'src/main/webapp', contextLoader = 'org.springframework.boot.test.context.SpringBootContextLoader', parent = [null]], attributes = map['org.springframework.test.context.web.ServletTestExecutionListener.activateListener' -> true, 'org.springframework.test.context.web.ServletTestExecutionListener.populatedRequestContextHolder' -> true, 'org.springframework.test.context.web.ServletTestExecutionListener.resetRequestContextHolder' -> true]]; transaction manager [org.springframework.orm.jpa.JpaTransactionManager@36c88670]; rollback [true]
2021-01-14 18:34:32.890  INFO 23235 --- [    Test worker] o.m.persistence.jpa.EntityRepositoryJpa  : create a entity: class org.myddd.security.account.domain.LoginEntity/26.
2021-01-14 18:34:32.893  INFO 23235 --- [    Test worker] o.m.persistence.jpa.EntityRepositoryJpa  : remove a entity: class org.myddd.security.account.domain.LoginEntity/26.
2021-01-14 18:34:32.897  INFO 23235 --- [    Test worker] o.m.persistence.jpa.EntityRepositoryJpa  : create a entity: class org.myddd.security.account.domain.LoginEntity/27.
2021-01-14 18:34:32.903  INFO 23235 --- [    Test worker] o.s.t.c.transaction.TransactionContext   : Rolled back transaction for test: [DefaultTestContext@432f2158 testClass = TestLoginEntity, testInstance = org.myddd.security.account.domain.TestLoginEntity@42baf2b0, testMethod = testDeleteUser@TestLoginEntity, testException = [null], mergedContextConfiguration = [WebMergedContextConfiguration@558003e3 testClass = TestLoginEntity, locations = '{}', classes = '{class org.myddd.security.account.TestApplication, class org.myddd.security.account.TestApplication}', contextInitializerClasses = '[]', activeProfiles = '{}', propertySourceLocations = '{}', propertySourceProperties = '{org.springframework.boot.test.context.SpringBootTestContextBootstrapper=true}', contextCustomizers = set[org.springframework.boot.test.autoconfigure.actuate.metrics.MetricsExportContextCustomizerFactory$DisableMetricExportContextCustomizer@20f7647f, org.springframework.boot.test.autoconfigure.properties.PropertyMappingContextCustomizer@0, org.springframework.boot.test.autoconfigure.web.servlet.WebDriverContextCustomizerFactory$Customizer@4272391a, org.springframework.boot.test.context.filter.ExcludeFilterContextCustomizer@d48a055, org.springframework.boot.test.json.DuplicateJsonObjectContextCustomizerFactory$DuplicateJsonObjectContextCustomizer@67520370, org.springframework.boot.test.mock.mockito.MockitoContextCustomizer@0, org.springframework.boot.test.web.client.TestRestTemplateContextCustomizer@8b0c1be, org.springframework.boot.test.context.SpringBootTestArgs@1, org.springframework.boot.test.context.SpringBootTestWebEnvironment@241b4dd1], resourceBasePath = 'src/main/webapp', contextLoader = 'org.springframework.boot.test.context.SpringBootContextLoader', parent = [null]], attributes = map['org.springframework.test.context.web.ServletTestExecutionListener.activateListener' -> true, 'org.springframework.test.context.web.ServletTestExecutionListener.populatedRequestContextHolder' -> true, 'org.springframework.test.context.web.ServletTestExecutionListener.resetRequestContextHolder' -> true]]
2021-01-14 18:34:32.907  INFO 23235 --- [    Test worker] o.s.t.c.transaction.TransactionContext   : Began transaction (1) for test context [DefaultTestContext@432f2158 testClass = TestLoginEntity, testInstance = org.myddd.security.account.domain.TestLoginEntity@594e7d3a, testMethod = testEnableAndDisable@TestLoginEntity, testException = [null], mergedContextConfiguration = [WebMergedContextConfiguration@558003e3 testClass = TestLoginEntity, locations = '{}', classes = '{class org.myddd.security.account.TestApplication, class org.myddd.security.account.TestApplication}', contextInitializerClasses = '[]', activeProfiles = '{}', propertySourceLocations = '{}', propertySourceProperties = '{org.springframework.boot.test.context.SpringBootTestContextBootstrapper=true}', contextCustomizers = set[org.springframework.boot.test.autoconfigure.actuate.metrics.MetricsExportContextCustomizerFactory$DisableMetricExportContextCustomizer@20f7647f, org.springframework.boot.test.autoconfigure.properties.PropertyMappingContextCustomizer@0, org.springframework.boot.test.autoconfigure.web.servlet.WebDriverContextCustomizerFactory$Customizer@4272391a, org.springframework.boot.test.context.filter.ExcludeFilterContextCustomizer@d48a055, org.springframework.boot.test.json.DuplicateJsonObjectContextCustomizerFactory$DuplicateJsonObjectContextCustomizer@67520370, org.springframework.boot.test.mock.mockito.MockitoContextCustomizer@0, org.springframework.boot.test.web.client.TestRestTemplateContextCustomizer@8b0c1be, org.springframework.boot.test.context.SpringBootTestArgs@1, org.springframework.boot.test.context.SpringBootTestWebEnvironment@241b4dd1], resourceBasePath = 'src/main/webapp', contextLoader = 'org.springframework.boot.test.context.SpringBootContextLoader', parent = [null]], attributes = map['org.springframework.test.context.web.ServletTestExecutionListener.activateListener' -> true, 'org.springframework.test.context.web.ServletTestExecutionListener.populatedRequestContextHolder' -> true, 'org.springframework.test.context.web.ServletTestExecutionListener.resetRequestContextHolder' -> true]]; transaction manager [org.springframework.orm.jpa.JpaTransactionManager@36c88670]; rollback [true]
2021-01-14 18:34:32.909  INFO 23235 --- [    Test worker] o.m.persistence.jpa.EntityRepositoryJpa  : create a entity: class org.myddd.security.account.domain.LoginEntity/28.
2021-01-14 18:34:32.909  INFO 23235 --- [    Test worker] o.m.persistence.jpa.EntityRepositoryJpa  : update a entity: class org.myddd.security.account.domain.LoginEntity/28.
2021-01-14 18:34:32.910  INFO 23235 --- [    Test worker] o.m.persistence.jpa.EntityRepositoryJpa  : update a entity: class org.myddd.security.account.domain.LoginEntity/28.
2021-01-14 18:34:32.912  INFO 23235 --- [    Test worker] o.s.t.c.transaction.TransactionContext   : Rolled back transaction for test: [DefaultTestContext@432f2158 testClass = TestLoginEntity, testInstance = org.myddd.security.account.domain.TestLoginEntity@594e7d3a, testMethod = testEnableAndDisable@TestLoginEntity, testException = [null], mergedContextConfiguration = [WebMergedContextConfiguration@558003e3 testClass = TestLoginEntity, locations = '{}', classes = '{class org.myddd.security.account.TestApplication, class org.myddd.security.account.TestApplication}', contextInitializerClasses = '[]', activeProfiles = '{}', propertySourceLocations = '{}', propertySourceProperties = '{org.springframework.boot.test.context.SpringBootTestContextBootstrapper=true}', contextCustomizers = set[org.springframework.boot.test.autoconfigure.actuate.metrics.MetricsExportContextCustomizerFactory$DisableMetricExportContextCustomizer@20f7647f, org.springframework.boot.test.autoconfigure.properties.PropertyMappingContextCustomizer@0, org.springframework.boot.test.autoconfigure.web.servlet.WebDriverContextCustomizerFactory$Customizer@4272391a, org.springframework.boot.test.context.filter.ExcludeFilterContextCustomizer@d48a055, org.springframework.boot.test.json.DuplicateJsonObjectContextCustomizerFactory$DuplicateJsonObjectContextCustomizer@67520370, org.springframework.boot.test.mock.mockito.MockitoContextCustomizer@0, org.springframework.boot.test.web.client.TestRestTemplateContextCustomizer@8b0c1be, org.springframework.boot.test.context.SpringBootTestArgs@1, org.springframework.boot.test.context.SpringBootTestWebEnvironment@241b4dd1], resourceBasePath = 'src/main/webapp', contextLoader = 'org.springframework.boot.test.context.SpringBootContextLoader', parent = [null]], attributes = map['org.springframework.test.context.web.ServletTestExecutionListener.activateListener' -> true, 'org.springframework.test.context.web.ServletTestExecutionListener.populatedRequestContextHolder' -> true, 'org.springframework.test.context.web.ServletTestExecutionListener.resetRequestContextHolder' -> true]]
2021-01-14 18:34:32.914  INFO 23235 --- [    Test worker] o.s.t.c.transaction.TransactionContext   : Began transaction (1) for test context [DefaultTestContext@432f2158 testClass = TestLoginEntity, testInstance = org.myddd.security.account.domain.TestLoginEntity@1d34f271, testMethod = testIsEmpty@TestLoginEntity, testException = [null], mergedContextConfiguration = [WebMergedContextConfiguration@558003e3 testClass = TestLoginEntity, locations = '{}', classes = '{class org.myddd.security.account.TestApplication, class org.myddd.security.account.TestApplication}', contextInitializerClasses = '[]', activeProfiles = '{}', propertySourceLocations = '{}', propertySourceProperties = '{org.springframework.boot.test.context.SpringBootTestContextBootstrapper=true}', contextCustomizers = set[org.springframework.boot.test.autoconfigure.actuate.metrics.MetricsExportContextCustomizerFactory$DisableMetricExportContextCustomizer@20f7647f, org.springframework.boot.test.autoconfigure.properties.PropertyMappingContextCustomizer@0, org.springframework.boot.test.autoconfigure.web.servlet.WebDriverContextCustomizerFactory$Customizer@4272391a, org.springframework.boot.test.context.filter.ExcludeFilterContextCustomizer@d48a055, org.springframework.boot.test.json.DuplicateJsonObjectContextCustomizerFactory$DuplicateJsonObjectContextCustomizer@67520370, org.springframework.boot.test.mock.mockito.MockitoContextCustomizer@0, org.springframework.boot.test.web.client.TestRestTemplateContextCustomizer@8b0c1be, org.springframework.boot.test.context.SpringBootTestArgs@1, org.springframework.boot.test.context.SpringBootTestWebEnvironment@241b4dd1], resourceBasePath = 'src/main/webapp', contextLoader = 'org.springframework.boot.test.context.SpringBootContextLoader', parent = [null]], attributes = map['org.springframework.test.context.web.ServletTestExecutionListener.activateListener' -> true, 'org.springframework.test.context.web.ServletTestExecutionListener.populatedRequestContextHolder' -> true, 'org.springframework.test.context.web.ServletTestExecutionListener.resetRequestContextHolder' -> true]]; transaction manager [org.springframework.orm.jpa.JpaTransactionManager@36c88670]; rollback [true]
2021-01-14 18:34:32.917  INFO 23235 --- [    Test worker] o.m.persistence.jpa.EntityRepositoryJpa  : create a entity: class org.myddd.security.account.domain.LoginEntity/29.
2021-01-14 18:34:32.920  INFO 23235 --- [    Test worker] o.s.t.c.transaction.TransactionContext   : Rolled back transaction for test: [DefaultTestContext@432f2158 testClass = TestLoginEntity, testInstance = org.myddd.security.account.domain.TestLoginEntity@1d34f271, testMethod = testIsEmpty@TestLoginEntity, testException = [null], mergedContextConfiguration = [WebMergedContextConfiguration@558003e3 testClass = TestLoginEntity, locations = '{}', classes = '{class org.myddd.security.account.TestApplication, class org.myddd.security.account.TestApplication}', contextInitializerClasses = '[]', activeProfiles = '{}', propertySourceLocations = '{}', propertySourceProperties = '{org.springframework.boot.test.context.SpringBootTestContextBootstrapper=true}', contextCustomizers = set[org.springframework.boot.test.autoconfigure.actuate.metrics.MetricsExportContextCustomizerFactory$DisableMetricExportContextCustomizer@20f7647f, org.springframework.boot.test.autoconfigure.properties.PropertyMappingContextCustomizer@0, org.springframework.boot.test.autoconfigure.web.servlet.WebDriverContextCustomizerFactory$Customizer@4272391a, org.springframework.boot.test.context.filter.ExcludeFilterContextCustomizer@d48a055, org.springframework.boot.test.json.DuplicateJsonObjectContextCustomizerFactory$DuplicateJsonObjectContextCustomizer@67520370, org.springframework.boot.test.mock.mockito.MockitoContextCustomizer@0, org.springframework.boot.test.web.client.TestRestTemplateContextCustomizer@8b0c1be, org.springframework.boot.test.context.SpringBootTestArgs@1, org.springframework.boot.test.context.SpringBootTestWebEnvironment@241b4dd1], resourceBasePath = 'src/main/webapp', contextLoader = 'org.springframework.boot.test.context.SpringBootContextLoader', parent = [null]], attributes = map['org.springframework.test.context.web.ServletTestExecutionListener.activateListener' -> true, 'org.springframework.test.context.web.ServletTestExecutionListener.populatedRequestContextHolder' -> true, 'org.springframework.test.context.web.ServletTestExecutionListener.resetRequestContextHolder' -> true]]
]]></system-out>
  <system-err><![CDATA[]]></system-err>
</testsuite>
